#
# A fatal error has been detected by the Java Runtime Environment:
#
#  Internal Error (0xc000000d), pid=2396, tid=0x0000000000000684
#
# JRE version: Java(TM) SE Runtime Environment (8.0_121-b13) (build 1.8.0_121-b13)
# Java VM: Java HotSpot(TM) 64-Bit Server VM (25.121-b13 mixed mode windows-amd64 compressed oops)
# Problematic frame:
# C  [ntdll.dll+0x10b2b0]
#
# Failed to write core dump. Minidumps are not enabled by default on client versions of Windows
#
# If you would like to submit a bug report, please visit:
#   http://bugreport.java.com/bugreport/crash.jsp
#

---------------  T H R E A D  ---------------

Current thread (0x000000001de67800):  VMThread [stack: 0x000000001ef00000,0x000000001f000000] [id=1668]

siginfo: ExceptionCode=0xc000000d

Registers:
RAX=0x0000000000000000, RBX=0x0000000000000001, RCX=0x0000000000000000, RDX=0x0000000000000000
RSP=0x000000001effebc0, RBP=0x000000002789a0d0, RSI=0x000000002789a308, RDI=0x00000000278acf70
R8 =0x0000000000000000, R9 =0x0000000000000000, R10=0x0000000000000000, R11=0x0000000000000000
R12=0x00007ff89d456680, R13=0x0000000000000001, R14=0x0000000027894f70, R15=0x0000000027894f70
RIP=0x00007ff8b6d4b2b0, EFLAGS=0x0000000000000206

Top of Stack: (sp=0x000000001effebc0)
0x000000001effebc0:   0000000000000057 0000000000000001
0x000000001effebd0:   000000002789a308 00000000278acf70
0x000000001effebe0:   00000000c000000d 0000000000000000
0x000000001effebf0:   00007ff8b6d4b2b0 0000000000000000
0x000000001effec00:   0000000000000000 0000000000000000
0x000000001effec10:   0000000000000000 0000000000000000
0x000000001effec20:   0000000000000000 0000000000000000
0x000000001effec30:   0000000000000000 0000000000000000
0x000000001effec40:   0000000000000000 0000000000000000
0x000000001effec50:   0000000000000000 0000000000000000
0x000000001effec60:   0000000000000000 0000000000000000
0x000000001effec70:   0000000000000000 0000000000000000
0x000000001effec80:   00009ef287853c71 00000000278acf70
0x000000001effec90:   000000002789a308 00007ff89d454907
0x000000001effeca0:   00000000278acf70 0000000027894f70
0x000000001effecb0:   000000010020000c 0000000000000000 

Instructions: (pc=0x00007ff8b6d4b2b0)
0x00007ff8b6d4b290:   b7 f9 ff c7 44 24 20 0d 00 00 c0 b9 57 00 00 00
0x00007ff8b6d4b2a0:   e8 4b 63 f3 ff 90 48 8d 4c 24 20 e8 90 00 f1 ff
0x00007ff8b6d4b2b0:   eb 00 48 8b 8c 24 c0 00 00 00 48 33 cc e8 ce 57
0x00007ff8b6d4b2c0:   f8 ff 48 81 c4 d8 00 00 00 c3 40 55 48 83 ec 20 


Register to memory mapping:

RAX=0x0000000000000000 is an unknown value
RBX=0x0000000000000001 is an unknown value
RCX=0x0000000000000000 is an unknown value
RDX=0x0000000000000000 is an unknown value
RSP=0x000000001effebc0 is an unknown value
RBP=0x000000002789a0d0 is an unknown value
RSI=0x000000002789a308 is an unknown value
RDI=0x00000000278acf70 is an unknown value
R8 =0x0000000000000000 is an unknown value
R9 =0x0000000000000000 is an unknown value
R10=0x0000000000000000 is an unknown value
R11=0x0000000000000000 is an unknown value
R12=0x00007ff89d456680 is an unknown value
R13=0x0000000000000001 is an unknown value
R14=0x0000000027894f70 is an unknown value
R15=0x0000000027894f70 is an unknown value


Stack: [0x000000001ef00000,0x000000001f000000],  sp=0x000000001effebc0,  free space=1018k
Native frames: (J=compiled Java code, j=interpreted, Vv=VM code, C=native code)
C  [ntdll.dll+0x10b2b0]
C  [RTWorkQ.DLL+0x4907]
C  [RTWorkQ.DLL+0x9e46]
C  [RTWorkQ.DLL+0x7565]
C  [MFPlat.DLL+0x1d05b]
C  [MFReadWrite.dll+0x16348]
C  [MFReadWrite.dll+0xfb0d]
C  [MFReadWrite.dll+0xf863]
C  [mfksproxy.dll+0x194d0]
C  [mfksproxy.dll+0x18069]
C  [mfksproxy.dll+0x6eeb]
C  [quartz.dll+0x42e19]
C  [quartz.dll+0x553ef]
C  [quartz.dll+0x57932]
C  [quartz.dll+0x56d75]
C  [opencv_java330.dll+0x2792bfc]
C  [opencv_java330.dll+0x2bcd4c0]
C  [opencv_java330.dll+0x2b15f57]
C  [opencv_java330.dll+0x2b161fd]
C  [opencv_java330.dll+0x2b12200]
C  [opencv_java330.dll+0x2acb6fb]
C  [opencv_java330.dll+0x2acb3e2]
C  [opencv_java330.dll+0x2acb4d8]
C  [ntdll.dll+0x11493]
C  [ntdll.dll+0x406b5]
C  [ntdll.dll+0x40574]
C  [KERNEL32.DLL+0xf06a]
C  [msvcr100.dll+0x20ccd]
V  [jvm.dll+0x212cb5]
V  [jvm.dll+0x24bd17]
V  [jvm.dll+0x24afb6]
V  [jvm.dll+0x24b451]
V  [jvm.dll+0x24b66e]
V  [jvm.dll+0x29c69a]
C  [msvcr100.dll+0x21d9f]
C  [msvcr100.dll+0x21e3b]
C  [KERNEL32.DLL+0x11fe4]
C  [ntdll.dll+0x6efc1]

VM_Operation (0x0000000020d0c3a0): Exit, mode: safepoint, requested by thread 0x00000000200cf800


---------------  P R O C E S S  ---------------

Java Threads: ( => current thread )
  0x00000000201a8800 JavaThread "Timer-0" [_thread_blocked, id=4180, stack(0x0000000028d70000,0x0000000028e70000)]
  0x00000000201ab000 JavaThread "Prism Font Disposer" daemon [_thread_blocked, id=7784, stack(0x0000000028c70000,0x0000000028d70000)]
  0x00000000200f9000 JavaThread "Thread-3" daemon [_thread_in_native, id=8560, stack(0x00000000274b0000,0x00000000275b0000)]
  0x00000000200cf800 JavaThread "JavaFX Application Thread" [_thread_blocked, id=12880, stack(0x0000000020c10000,0x0000000020d10000)]
  0x0000000020055000 JavaThread "Thread-2" daemon [_thread_blocked, id=8812, stack(0x0000000020b10000,0x0000000020c10000)]
  0x000000002008d000 JavaThread "QuantumRenderer-0" daemon [_thread_blocked, id=3128, stack(0x0000000020830000,0x0000000020930000)]
  0x000000001fbbc000 JavaThread "JavaFX-Launcher" [_thread_blocked, id=8816, stack(0x000000001ff30000,0x0000000020030000)]
  0x000000001f8dc000 JavaThread "Monitor Ctrl-Break" daemon [_thread_in_native, id=13640, stack(0x000000001fdf0000,0x000000001fef0000)]
  0x000000001f7f7000 JavaThread "Service Thread" daemon [_thread_blocked, id=12816, stack(0x000000001fbf0000,0x000000001fcf0000)]
  0x000000001defe000 JavaThread "C1 CompilerThread2" daemon [_thread_blocked, id=13064, stack(0x000000001f6f0000,0x000000001f7f0000)]
  0x000000001dea2800 JavaThread "C2 CompilerThread1" daemon [_thread_blocked, id=10500, stack(0x000000001f5f0000,0x000000001f6f0000)]
  0x000000001de9e800 JavaThread "C2 CompilerThread0" daemon [_thread_blocked, id=6628, stack(0x000000001f4f0000,0x000000001f5f0000)]
  0x000000001dead000 JavaThread "Attach Listener" daemon [_thread_blocked, id=1324, stack(0x000000001f3f0000,0x000000001f4f0000)]
  0x000000001deac000 JavaThread "Signal Dispatcher" daemon [_thread_blocked, id=9412, stack(0x000000001f2f0000,0x000000001f3f0000)]
  0x0000000004877000 JavaThread "Finalizer" daemon [_thread_blocked, id=8576, stack(0x000000001f100000,0x000000001f200000)]
  0x0000000004871000 JavaThread "Reference Handler" daemon [_thread_blocked, id=5004, stack(0x000000001f000000,0x000000001f100000)]
  0x000000000477d800 JavaThread "main" [_thread_blocked, id=9092, stack(0x00000000045b0000,0x00000000046b0000)]

Other Threads:
=>0x000000001de67800 VMThread [stack: 0x000000001ef00000,0x000000001f000000] [id=1668]

VM state:at safepoint (shutting down)

VM Mutex/Monitor currently owned by a thread:  ([mutex/lock_event])
[0x000000000477c740] Threads_lock - owner thread: 0x000000001de67800

Heap:
 PSYoungGen      total 76288K, used 39536K [0x000000076b100000, 0x0000000770600000, 0x00000007c0000000)
  eden space 65536K, 60% used [0x000000076b100000,0x000000076d79c0a0,0x000000076f100000)
  from space 10752K, 0% used [0x000000076fb80000,0x000000076fb80000,0x0000000770600000)
  to   space 10752K, 0% used [0x000000076f100000,0x000000076f100000,0x000000076fb80000)
 ParOldGen       total 175104K, used 0K [0x00000006c1200000, 0x00000006cbd00000, 0x000000076b100000)
  object space 175104K, 0% used [0x00000006c1200000,0x00000006c1200000,0x00000006cbd00000)
 Metaspace       used 14990K, capacity 15796K, committed 16128K, reserved 1062912K
  class space    used 2253K, capacity 2454K, committed 2560K, reserved 1048576K

Card table byte_map: [0x0000000013c40000,0x0000000014440000] byte_map_base: 0x0000000010637000

Marking Bits: (ParMarkBitMap*) 0x0000000063efb6d0
 Begin Bits: [0x0000000014d90000, 0x0000000018d48000)
 End Bits:   [0x0000000018d48000, 0x000000001cd00000)

Polling page: 0x00000000029e0000

CodeCache: size=245760Kb used=4253Kb max_used=4253Kb free=241506Kb
 bounds [0x0000000004880000, 0x0000000004cb0000, 0x0000000013880000]
 total_blobs=1860 nmethods=1188 adapters=584
 compilation: enabled

Compilation events (10 events):
Event: 2.624 Thread 0x000000001defe000 1184       3       com.sun.javafx.event.EventHandlerManager::dispatchBubblingEvent (34 bytes)
Event: 2.625 Thread 0x000000001defe000 nmethod 1184 0x0000000004ca01d0 code [0x0000000004ca0380, 0x0000000004ca0a68]
Event: 2.625 Thread 0x000000001defe000 1185       1       javafx.event.Event::getTarget (5 bytes)
Event: 2.625 Thread 0x000000001defe000 nmethod 1185 0x0000000004ca0c50 code [0x0000000004ca0da0, 0x0000000004ca0eb0]
Event: 3.327 Thread 0x000000001defe000 1186       1       com.sun.javafx.tk.quantum.PaintCollector::hasDirty (5 bytes)
Event: 3.328 Thread 0x000000001defe000 nmethod 1186 0x0000000004ca0f10 code [0x0000000004ca1060, 0x0000000004ca1170]
Event: 4.219 Thread 0x000000001defe000 1187       3       jdk.internal.org.objectweb.asm.ClassWriter::toByteArray (1289 bytes)
Event: 4.233 Thread 0x000000001defe000 nmethod 1187 0x0000000004ca11d0 code [0x0000000004ca19e0, 0x0000000004ca57f8]
Event: 4.233 Thread 0x000000001defe000 1188       3       com.sun.glass.ui.Application::checkEventThread (48 bytes)
Event: 4.234 Thread 0x000000001defe000 nmethod 1188 0x0000000004ca7b50 code [0x0000000004ca7d40, 0x0000000004ca8658]

GC Heap History (0 events):
No events

Deoptimization events (10 events):
Event: 1.309 Thread 0x00000000200cf800 Uncommon trap: reason=class_check action=maybe_recompile pc=0x0000000004ac7528 method=java.io.DataInputStream.readShort()S @ 4
Event: 1.309 Thread 0x00000000200cf800 Uncommon trap: reason=class_check action=maybe_recompile pc=0x0000000004ac7528 method=java.io.DataInputStream.readShort()S @ 4
Event: 1.309 Thread 0x00000000200cf800 Uncommon trap: reason=class_check action=maybe_recompile pc=0x0000000004ac7528 method=java.io.DataInputStream.readShort()S @ 4
Event: 1.309 Thread 0x00000000200cf800 Uncommon trap: reason=class_check action=maybe_recompile pc=0x0000000004ac7528 method=java.io.DataInputStream.readShort()S @ 4
Event: 1.314 Thread 0x00000000200cf800 Uncommon trap: reason=class_check action=maybe_recompile pc=0x00000000049a7410 method=java.lang.String.equals(Ljava/lang/Object;)Z @ 8
Event: 1.314 Thread 0x00000000200cf800 Uncommon trap: reason=class_check action=maybe_recompile pc=0x00000000049a7410 method=java.lang.String.equals(Ljava/lang/Object;)Z @ 8
Event: 1.314 Thread 0x00000000200cf800 Uncommon trap: reason=class_check action=maybe_recompile pc=0x00000000049a7410 method=java.lang.String.equals(Ljava/lang/Object;)Z @ 8
Event: 1.318 Thread 0x00000000200cf800 Uncommon trap: reason=class_check action=maybe_recompile pc=0x00000000049a7410 method=java.lang.String.equals(Ljava/lang/Object;)Z @ 8
Event: 1.518 Thread 0x00000000200cf800 Uncommon trap: reason=unstable_if action=reinterpret pc=0x0000000004b2fa68 method=sun.net.www.ParseUtil.encodePath(Ljava/lang/String;Z)Ljava/lang/String; @ 109
Event: 1.613 Thread 0x00000000200cf800 Uncommon trap: reason=unstable_if action=reinterpret pc=0x0000000004b64ef4 method=sun.misc.URLClassPath$JarLoader.ensureOpen()V @ 4

Internal exceptions (10 events):
Event: 0.396 Thread 0x000000001fbbc000 Exception <a 'java/security/PrivilegedActionException'> (0x000000076b637460) thrown at [C:\re\workspace\8-2-build-windows-amd64-cygwin\jdk8u121\8372\hotspot\src\share\vm\prims\jvm.cpp, line 1390]
Event: 0.396 Thread 0x000000001fbbc000 Exception <a 'java/security/PrivilegedActionException'> (0x000000076b637670) thrown at [C:\re\workspace\8-2-build-windows-amd64-cygwin\jdk8u121\8372\hotspot\src\share\vm\prims\jvm.cpp, line 1390]
Event: 0.397 Thread 0x000000001fbbc000 Exception <a 'java/security/PrivilegedActionException'> (0x000000076b63b580) thrown at [C:\re\workspace\8-2-build-windows-amd64-cygwin\jdk8u121\8372\hotspot\src\share\vm\prims\jvm.cpp, line 1390]
Event: 0.397 Thread 0x000000001fbbc000 Exception <a 'java/security/PrivilegedActionException'> (0x000000076b63b790) thrown at [C:\re\workspace\8-2-build-windows-amd64-cygwin\jdk8u121\8372\hotspot\src\share\vm\prims\jvm.cpp, line 1390]
Event: 0.398 Thread 0x000000001fbbc000 Exception <a 'java/lang/NullPointerException'> (0x000000076b63bd68) thrown at [C:\re\workspace\8-2-build-windows-amd64-cygwin\jdk8u121\8372\hotspot\src\share\vm\interpreter\linkResolver.cpp, line 1178]
Event: 0.803 Thread 0x00000000200cf800 Exception <a 'java/lang/NullPointerException'> (0x000000076bfa9628) thrown at [C:\re\workspace\8-2-build-windows-amd64-cygwin\jdk8u121\8372\hotspot\src\share\vm\interpreter\linkResolver.cpp, line 1178]
Event: 0.803 Thread 0x00000000200cf800 Exception <a 'java/lang/NullPointerException'> (0x000000076bfa9628) thrown at [C:\re\workspace\8-2-build-windows-amd64-cygwin\jdk8u121\8372\hotspot\src\share\vm\prims\jvm.cpp, line 1394]
Event: 1.074 Thread 0x00000000200cf800 Implicit null exception at 0x0000000004ad9b35 to 0x0000000004ad9d25
Event: 1.613 Thread 0x00000000200cf800 Implicit null exception at 0x0000000004b63e3a to 0x0000000004b64ee9
Event: 4.246 Thread 0x00000000203a3800 Exception <a 'java/lang/IllegalStateException'> (0x000000076d65aa88) thrown at [C:\re\workspace\8-2-build-windows-amd64-cygwin\jdk8u121\8372\hotspot\src\share\vm\prims\jvm.cpp, line 1394]

Events (10 events):
Event: 4.245 loading class java/util/HashMap$KeySet
Event: 4.245 loading class java/util/HashMap$KeySet done
Event: 4.245 loading class java/util/HashMap$KeyIterator
Event: 4.245 loading class java/util/HashMap$KeyIterator done
Event: 4.245 loading class com/sun/javafx/tk/quantum/QuantumToolkit
Event: 4.245 loading class com/sun/javafx/tk/quantum/QuantumToolkit done
Event: 4.246 loading class java/util/LinkedList$ListItr
Event: 4.246 loading class java/util/LinkedList$ListItr done
Event: 4.246 Thread 0x00000000203a3800 Thread exited: 0x00000000203a3800
Event: 4.246 Executing VM operation: Exit


Dynamic libraries:
0x00007ff731030000 - 0x00007ff731067000 	C:\Program Files\Java\jdk1.8.0_121\bin\java.exe
0x00007ff8b6c40000 - 0x00007ff8b6e20000 	C:\WINDOWS\SYSTEM32\ntdll.dll
0x00007ff8b4640000 - 0x00007ff8b46ee000 	C:\WINDOWS\System32\KERNEL32.DLL
0x00007ff8b3260000 - 0x00007ff8b34c6000 	C:\WINDOWS\System32\KERNELBASE.dll
0x00007ff8b4170000 - 0x00007ff8b4211000 	C:\WINDOWS\System32\ADVAPI32.dll
0x00007ff8b4830000 - 0x00007ff8b48cd000 	C:\WINDOWS\System32\msvcrt.dll
0x00007ff8b48d0000 - 0x00007ff8b492b000 	C:\WINDOWS\System32\sechost.dll
0x00007ff8b4710000 - 0x00007ff8b482f000 	C:\WINDOWS\System32\RPCRT4.dll
0x00007ff8b4ba0000 - 0x00007ff8b4d2f000 	C:\WINDOWS\System32\USER32.dll
0x00007ff8b3190000 - 0x00007ff8b31b0000 	C:\WINDOWS\System32\win32u.dll
0x00007ff8b6630000 - 0x00007ff8b6658000 	C:\WINDOWS\System32\GDI32.dll
0x00007ff8b3da0000 - 0x00007ff8b3f33000 	C:\WINDOWS\System32\gdi32full.dll
0x00007ff8b30f0000 - 0x00007ff8b318b000 	C:\WINDOWS\System32\msvcp_win.dll
0x00007ff8b3550000 - 0x00007ff8b3646000 	C:\WINDOWS\System32\ucrtbase.dll
0x00007ff8a8030000 - 0x00007ff8a8299000 	C:\WINDOWS\WinSxS\amd64_microsoft.windows.common-controls_6595b64144ccf1df_6.0.16299.248_none_15ced204935f55d7\COMCTL32.dll
0x00007ff8b4290000 - 0x00007ff8b4598000 	C:\WINDOWS\System32\combase.dll
0x00007ff8b34d0000 - 0x00007ff8b3542000 	C:\WINDOWS\System32\bcryptPrimitives.dll
0x00007ff8b6410000 - 0x00007ff8b643d000 	C:\WINDOWS\System32\IMM32.DLL
0x0000000063600000 - 0x00000000636d2000 	C:\Program Files\Java\jdk1.8.0_121\jre\bin\msvcr100.dll
0x00000000636e0000 - 0x0000000063f7b000 	C:\Program Files\Java\jdk1.8.0_121\jre\bin\server\jvm.dll
0x00007ff8b6390000 - 0x00007ff8b6398000 	C:\WINDOWS\System32\PSAPI.DLL
0x00007ff89ecf0000 - 0x00007ff89ecf9000 	C:\WINDOWS\SYSTEM32\WSOCK32.dll
0x00007ff8b63a0000 - 0x00007ff8b640c000 	C:\WINDOWS\System32\WS2_32.dll
0x00007ff8b0030000 - 0x00007ff8b0053000 	C:\WINDOWS\SYSTEM32\WINMM.dll
0x00007ff8a90b0000 - 0x00007ff8a90ba000 	C:\WINDOWS\SYSTEM32\VERSION.dll
0x00007ff8affd0000 - 0x00007ff8afffa000 	C:\WINDOWS\SYSTEM32\WINMMBASE.dll
0x00007ff8b3210000 - 0x00007ff8b325a000 	C:\WINDOWS\System32\cfgmgr32.dll
0x0000000064350000 - 0x000000006435f000 	C:\Program Files\Java\jdk1.8.0_121\jre\bin\verify.dll
0x0000000064320000 - 0x0000000064349000 	C:\Program Files\Java\jdk1.8.0_121\jre\bin\java.dll
0x0000000064300000 - 0x0000000064316000 	C:\Program Files\Java\jdk1.8.0_121\jre\bin\zip.dll
0x00007ff8b4de0000 - 0x00007ff8b6216000 	C:\WINDOWS\System32\SHELL32.dll
0x00007ff8b4d30000 - 0x00007ff8b4dd6000 	C:\WINDOWS\System32\shcore.dll
0x00007ff8b3650000 - 0x00007ff8b3d97000 	C:\WINDOWS\System32\windows.storage.dll
0x00007ff8b4110000 - 0x00007ff8b4161000 	C:\WINDOWS\System32\shlwapi.dll
0x00007ff8b2fb0000 - 0x00007ff8b2fc1000 	C:\WINDOWS\System32\kernel.appcore.dll
0x00007ff8b2fd0000 - 0x00007ff8b301c000 	C:\WINDOWS\System32\powrprof.dll
0x00007ff8b2f90000 - 0x00007ff8b2fab000 	C:\WINDOWS\System32\profapi.dll
0x00007ff8a9040000 - 0x00007ff8a9050000 	C:\Program Files (x86)\JetBrains\IntelliJ IDEA 2016.3.4\bin\breakgen64.dll
0x00000000640f0000 - 0x000000006410a000 	C:\Program Files\Java\jdk1.8.0_121\jre\bin\net.dll
0x00007ff8b2820000 - 0x00007ff8b2886000 	C:\WINDOWS\system32\mswsock.dll
0x00007ff889840000 - 0x00007ff88992f000 	C:\Program Files\Java\jdk1.8.0_121\jre\bin\msvcr120.dll
0x00007ff892950000 - 0x00007ff8929f6000 	C:\Program Files\Java\jdk1.8.0_121\jre\bin\msvcp120.dll
0x00000000631b0000 - 0x00000000631d2000 	C:\Program Files\Java\jdk1.8.0_121\jre\bin\prism_d3d.dll
0x00007ff883a30000 - 0x00007ff883bc5000 	C:\WINDOWS\system32\d3d9.dll
0x00007ff8b1800000 - 0x00007ff8b182a000 	C:\WINDOWS\SYSTEM32\dwmapi.dll
0x00007ff8b1590000 - 0x00007ff8b1625000 	C:\WINDOWS\system32\uxtheme.dll
0x00007ff872910000 - 0x00007ff876169000 	C:\WINDOWS\System32\DriverStore\FileRepository\64gh4811.inf_amd64_f02d96a3e7a6ed57\igdumdim64.dll
0x00007ff8b4ad0000 - 0x00007ff8b4b95000 	C:\WINDOWS\System32\OLEAUT32.dll
0x00007ff8b6670000 - 0x00007ff8b67b9000 	C:\WINDOWS\System32\ole32.dll
0x00007ff8b67c0000 - 0x00007ff8b6c0e000 	C:\WINDOWS\System32\SETUPAPI.dll
0x0000000063160000 - 0x00000000631a3000 	C:\Program Files\Java\jdk1.8.0_121\jre\bin\glass.dll
0x00007ff8b64c0000 - 0x00007ff8b65ca000 	C:\WINDOWS\System32\COMDLG32.dll
0x00007ff8b6220000 - 0x00007ff8b6387000 	C:\WINDOWS\System32\MSCTF.dll
0x00007ff88c810000 - 0x00007ff88c8b9000 	C:\Program Files\Common Files\microsoft shared\ink\tiptsf.dll
0x00007ff8ab770000 - 0x00007ff8acd72000 	C:\WINDOWS\System32\DriverStore\FileRepository\64gh4811.inf_amd64_f02d96a3e7a6ed57\igc64.dll
0x0000000063140000 - 0x0000000063154000 	C:\Program Files\Java\jdk1.8.0_121\jre\bin\javafx_font.dll
0x00007ff89d970000 - 0x00007ff89dc7f000 	C:\WINDOWS\SYSTEM32\dwrite.dll
0x00007ff8b45a0000 - 0x00007ff8b463e000 	C:\WINDOWS\System32\clbcatq.dll
0x00007ff8af710000 - 0x00007ff8af8bb000 	C:\WINDOWS\SYSTEM32\WindowsCodecs.dll
0x00007ff8a8ff0000 - 0x00007ff8a903f000 	C:\WINDOWS\system32\dataexchange.dll
0x00007ff8b0ee0000 - 0x00007ff8b1022000 	C:\WINDOWS\system32\dcomp.dll
0x00007ff8b0120000 - 0x00007ff8b0402000 	C:\WINDOWS\system32\d3d11.dll
0x00007ff8b1e00000 - 0x00007ff8b1eaf000 	C:\WINDOWS\system32\dxgi.dll
0x00007ff8b1980000 - 0x00007ff8b1afb000 	C:\WINDOWS\system32\twinapi.appcore.dll
0x00007ff8b18f0000 - 0x00007ff8b1910000 	C:\WINDOWS\system32\RMCLIENT.dll
0x00007ff8b2af0000 - 0x00007ff8b2b15000 	C:\WINDOWS\system32\bcrypt.dll
0x00007ff89cb00000 - 0x00007ff89cb34000 	C:\Program Files\Common Files\Microsoft Shared\Ink\rtscom.dll
0x00007ff8aa830000 - 0x00007ff8aa8c8000 	C:\WINDOWS\System32\TextInputFramework.dll
0x00007ff8b0e00000 - 0x00007ff8b0edc000 	C:\WINDOWS\System32\CoreMessaging.dll
0x00007ff8af2e0000 - 0x00007ff8af5ce000 	C:\WINDOWS\System32\CoreUIComponents.dll
0x00007ff8b20d0000 - 0x00007ff8b2101000 	C:\WINDOWS\SYSTEM32\ntmarta.dll
0x00007ff8af1a0000 - 0x00007ff8af2d6000 	C:\WINDOWS\SYSTEM32\wintypes.dll
0x00007ff8a2fc0000 - 0x00007ff8a31c6000 	C:\Windows\System32\uiautomationcore.dll
0x00007ff8b2df0000 - 0x00007ff8b2e8a000 	C:\WINDOWS\SYSTEM32\sxs.dll
0x00007ff8afcc0000 - 0x00007ff8afd2e000 	C:\WINDOWS\SYSTEM32\OLEACC.dll
0x0000000063120000 - 0x0000000063131000 	C:\Program Files\Java\jdk1.8.0_121\jre\bin\prism_common.dll
0x00007ff8b0840000 - 0x00007ff8b0df8000 	C:\WINDOWS\SYSTEM32\d2d1.dll
0x00007ff8b3f40000 - 0x00007ff8b410e000 	C:\WINDOWS\System32\CRYPT32.dll
0x00007ff8b3020000 - 0x00007ff8b3032000 	C:\WINDOWS\System32\MSASN1.dll
0x00007ff8802b0000 - 0x00007ff880a1c000 	C:\WINDOWS\SYSTEM32\D3D10Warp.dll
0x00007ff8b2ec0000 - 0x00007ff8b2ee9000 	C:\WINDOWS\SYSTEM32\USERENV.dll
0x00007ff854d30000 - 0x00007ff8589a5000 	C:\Users\jpsyf\IdeaProjects\FocusVision\opencv_java330.dll
0x00007ff8983b0000 - 0x00007ff8983d9000 	C:\WINDOWS\SYSTEM32\MSVFW32.dll
0x00007ff89d950000 - 0x00007ff89d96f000 	C:\WINDOWS\SYSTEM32\AVIFIL32.dll
0x00007ff89d910000 - 0x00007ff89d928000 	C:\WINDOWS\SYSTEM32\AVICAP32.dll
0x00007ff89a090000 - 0x00007ff89a0ac000 	C:\WINDOWS\SYSTEM32\MSACM32.dll
0x00007ff8980c0000 - 0x00007ff8980d8000 	C:\Windows\System32\devenum.dll
0x00007ff8b2da0000 - 0x00007ff8b2dc7000 	C:\WINDOWS\SYSTEM32\DEVOBJ.dll
0x00007ff8b31b0000 - 0x00007ff8b3208000 	C:\WINDOWS\System32\WINTRUST.dll
0x00007ff8ad1e0000 - 0x00007ff8ad1ea000 	C:\WINDOWS\SYSTEM32\msdmo.dll
0x00007ff897510000 - 0x00007ff897543000 	C:\Windows\System32\qcap.dll
0x00007ff887740000 - 0x00007ff8878fc000 	C:\Windows\System32\quartz.dll
0x00007ff897430000 - 0x00007ff89747e000 	C:\Windows\System32\mfksproxy.dll
0x00007ff8adcd0000 - 0x00007ff8adced000 	C:\Windows\System32\ATL.DLL
0x00007ff8a3c40000 - 0x00007ff8a3c76000 	C:\Windows\System32\MFSENSORGROUP.dll
0x00007ff899ed0000 - 0x00007ff89a081000 	C:\Windows\System32\MFPlat.DLL
0x00007ff89d450000 - 0x00007ff89d482000 	C:\Windows\System32\RTWorkQ.DLL
0x00007ff882130000 - 0x00007ff882577000 	C:\Windows\System32\MFCORE.dll
0x00007ff8aa800000 - 0x00007ff8aa809000 	C:\Windows\System32\ksuser.dll
0x00007ff8b2a00000 - 0x00007ff8b2a0b000 	C:\Windows\System32\CRYPTBASE.DLL
0x00007ff895d30000 - 0x00007ff895d80000 	C:\Windows\System32\FSClient.dll
0x00007ff8af700000 - 0x00007ff8af70a000 	C:\Windows\System32\AVRT.dll
0x00007ff8a87b0000 - 0x00007ff8a87bc000 	C:\Windows\System32\vidcap.ax
0x00007ff8972d0000 - 0x00007ff8972f6000 	C:\Windows\System32\kswdmcap.ax
0x00007ff87fcf0000 - 0x00007ff87fe55000 	C:\Windows\System32\MFC42.dll
0x00007ff876c30000 - 0x00007ff8771a2000 	C:\WINDOWS\system32\IntelCameraPlugin64.dll
0x00007ff8aeff0000 - 0x00007ff8af06a000 	C:\WINDOWS\SYSTEM32\policymanager.dll
0x00007ff8aef60000 - 0x00007ff8aeff0000 	C:\Windows\System32\msvcp110_win.dll
0x00007ff888df0000 - 0x00007ff888efa000 	C:\Windows\System32\MFReadWrite.dll
0x00007ff8894f0000 - 0x00007ff889590000 	C:\Windows\System32\qedit.dll
0x00007ff8a9170000 - 0x00007ff8a930c000 	C:\WINDOWS\WinSxS\amd64_microsoft.windows.gdiplus_6595b64144ccf1df_1.1.16299.248_none_46b9c4e9edf1cfa5\gdiplus.dll
0x00007ff88f970000 - 0x00007ff88fa66000 	C:\Windows\System32\DDRAW.dll
0x00007ff8a3c30000 - 0x00007ff8a3c38000 	C:\Windows\System32\DCIMAN32.dll
0x00007ff8a6da0000 - 0x00007ff8a6dac000 	C:\WINDOWS\SYSTEM32\msyuv.dll
0x00007ff8ad910000 - 0x00007ff8adad8000 	C:\WINDOWS\SYSTEM32\dbghelp.dll

VM Arguments:
jvm_args: -Didea.launcher.port=7534 -Didea.launcher.bin.path=C:\Program Files (x86)\JetBrains\IntelliJ IDEA 2016.3.4\bin -Dfile.encoding=UTF-8 
java_command: com.intellij.rt.execution.application.AppMain AppEntry
java_class_path (initial): C:\Program Files\Java\jdk1.8.0_121\jre\lib\charsets.jar;C:\Program Files\Java\jdk1.8.0_121\jre\lib\deploy.jar;C:\Program Files\Java\jdk1.8.0_121\jre\lib\ext\access-bridge-64.jar;C:\Program Files\Java\jdk1.8.0_121\jre\lib\ext\cldrdata.jar;C:\Program Files\Java\jdk1.8.0_121\jre\lib\ext\dnsns.jar;C:\Program Files\Java\jdk1.8.0_121\jre\lib\ext\jaccess.jar;C:\Program Files\Java\jdk1.8.0_121\jre\lib\ext\jfxrt.jar;C:\Program Files\Java\jdk1.8.0_121\jre\lib\ext\localedata.jar;C:\Program Files\Java\jdk1.8.0_121\jre\lib\ext\nashorn.jar;C:\Program Files\Java\jdk1.8.0_121\jre\lib\ext\sunec.jar;C:\Program Files\Java\jdk1.8.0_121\jre\lib\ext\sunjce_provider.jar;C:\Program Files\Java\jdk1.8.0_121\jre\lib\ext\sunmscapi.jar;C:\Program Files\Java\jdk1.8.0_121\jre\lib\ext\sunpkcs11.jar;C:\Program Files\Java\jdk1.8.0_121\jre\lib\ext\zipfs.jar;C:\Program Files\Java\jdk1.8.0_121\jre\lib\javaws.jar;C:\Program Files\Java\jdk1.8.0_121\jre\lib\jce.jar;C:\Program Files\Java\jdk1.8.0_121\jre\lib\jfr.jar;C:\Program Files\Java\jdk1.8.0_121\jre\lib\jfxswt.jar;C:\Program Files\Java\jdk1.8.0_121\jre\lib\jsse.jar;C:\Program Files\Java\jdk1.8.0_121\jre\lib\management-agent.jar;C:\Program Files\Java\jdk1.8.0_121\jre\lib\plugin.jar;C:\Program Files\Java\jdk1.8.0_121\jre\lib\resources.jar;C:\Program Files\Java\jdk1.8.0_121\jre\lib\rt.jar;C:\Users\jpsyf\IdeaProjects\FocusVision\out\production\FocusVision;C:\Users\jpsyf\IdeaProjects\FocusVision\opencv-330.jar;C:\Program Files (x86)\JetBrains\IntelliJ IDEA 2016.3.4\lib\idea_rt.jar
Launcher Type: SUN_STANDARD

Environment Variables:
PATH=C:\ProgramData\Oracle\Java\javapath;C:\WINDOWS\system32;C:\WINDOWS;C:\WINDOWS\System32\Wbem;C:\WINDOWS\System32\WindowsPowerShell\v1.0\;C:\WINDOWS\system32\config\systemprofile\.dnx\bin;C:\Program Files\Microsoft DNX\Dnvm\;C:\Program Files\Microsoft SQL Server\130\Tools\Binn\;C:\Program Files (x86)\Windows Kits\8.1\Windows Performance Toolkit\;C:\Program Files\Java\jdk1.8.0_121\bin;C:\Users\jpsyf\AppData\Local\Programs\Python\Python36\Scripts\;C:\Users\jpsyf\AppData\Local\Programs\Python\Python36\;C:\Users\jpsyf\AppData\Local\Microsoft\WindowsApps;C:\jflex-1.6.1\jflex-1.6.1\bin;C:\avr8-gnu-toolchain\bin;C:\avrdude_utilities;
USERNAME=jpsyf
OS=Windows_NT
PROCESSOR_IDENTIFIER=Intel64 Family 6 Model 78 Stepping 3, GenuineIntel



---------------  S Y S T E M  ---------------

OS: Windows 10.0 , 64 bit Build 16299 (10.0.16299.15)

CPU:total 4 (2 cores per cpu, 2 threads per core) family 6 model 78 stepping 3, cmov, cx8, fxsr, mmx, sse, sse2, sse3, ssse3, sse4.1, sse4.2, popcnt, avx, avx2, aes, clmul, erms, rtm, 3dnowpref, lzcnt, ht, tsc, tscinvbit, bmi1, bmi2, adx

Memory: 4k page, physical 16700688k(10368184k free), swap 19191056k(11737472k free)

vm_info: Java HotSpot(TM) 64-Bit Server VM (25.121-b13) for windows-amd64 JRE (1.8.0_121-b13), built on Dec 12 2016 18:21:36 by "java_re" with MS VC++ 10.0 (VS2010)

time: Thu Feb 22 15:40:50 2018
elapsed time: 7 seconds (0d 0h 0m 7s)

