#
# A fatal error has been detected by the Java Runtime Environment:
#
#  SIGILL (0x4) at pc=0x00007fff3265cefa, pid=75159, tid=0x000000000002a81b
#
# JRE version: Java(TM) SE Runtime Environment (8.0_121-b13) (build 1.8.0_121-b13)
# Java VM: Java HotSpot(TM) 64-Bit Server VM (25.121-b13 mixed mode bsd-amd64 compressed oops)
# Problematic frame:
# C  [CoreFoundation+0x15defa]  _CFRelease+0x51a
#
# Failed to write core dump. Core dumps have been disabled. To enable core dumping, try "ulimit -c unlimited" before starting Java again
#
# If you would like to submit a bug report, please visit:
#   http://bugreport.java.com/bugreport/crash.jsp
#

---------------  T H R E A D  ---------------

Current thread is native thread

siginfo: si_signo: 4 (SIGILL), si_code: 1 (ILL_ILLOPC), si_addr: 0x00007fff3265cefa

Registers:
RAX=0x00007fff328db68f, RBX=0x0000000000614780, RCX=0x00007fff8c905270, RDX=0x00007fff8c910750
RSP=0x000070001214d720, RBP=0x000070001214d760, RSI=0x00007ff2733374d0, RDI=0x00007ff2733374d0
R8 =0x0000000000576aea, R9 =0xffffffff00000000, R10=0x00007ff277f0cc18, R11=0x00007ff277f0cc20
R12=0x0000000000000018, R13=0x00007fff5929de80, R14=0x00007ff27984d450, R15=0x0000000000000008
RIP=0x00007fff3265cefa, EFLAGS=0x0000000000010206, ERR=0x0000000000000000
  TRAPNO=0x0000000000000006

Top of Stack: (sp=0x000070001214d720)
0x000070001214d720:   000070001214d7b0 00007ff277f14680
0x000070001214d730:   00007fff8c905270 00007ff277f14680
0x000070001214d740:   0000000000000018 00007fff5929de80
0x000070001214d750:   00007ff27984d450 0000000000000008
0x000070001214d760:   000070001214d7a0 000000013e838f7b
0x000070001214d770:   0000000000000001 00007ff277f49950
0x000070001214d780:   00007fff5929de80 00007ff277f4a5c0
0x000070001214d790:   00007fff307faccc 00007fff307f5ab2
0x000070001214d7a0:   000070001214d7f0 00007fff2e86aa5d
0x000070001214d7b0:   00007fff2e908781 00007fff307f51b6
0x000070001214d7c0:   00007fff2e90e93b 00007ff277f4a5c0
0x000070001214d7d0:   0000000000000000 0000000000000014
0x000070001214d7e0:   0000000000000000 000000010e4223c0
0x000070001214d7f0:   000070001214d810 00007fff59e69591
0x000070001214d800:   000000010e4224c0 0000000000000000
0x000070001214d810:   000070001214d830 00007fff59e61d50
0x000070001214d820:   000000010e4224c0 0000000000000000
0x000070001214d830:   000070001214d8e0 00007fff59e7620c
0x000070001214d840:   000000010e26d080 00007fff92ebd600
0x000070001214d850:   00007ff277f144a0 000070001214d9b0
0x000070001214d860:   00007fff92ebd600 0000000000000000
0x000070001214d870:   0000000000000000 00007ff277f144f0
0x000070001214d880:   0001000073022b70 00007fff5a05b254
0x000070001214d890:   000070001214d930 00007ff277f14510
0x000070001214d8a0:   000070001214d970 0040000000000000
0x000070001214d8b0:   0003000200000000 0000008000000000
0x000070001214d8c0:   0000000000000002 00007ff277f144d8
0x000070001214d8d0:   0000008000000000 0000000000030002
0x000070001214d8e0:   000070001214d960 00007fff59e690fd
0x000070001214d8f0:   00007fff92ebd600 000070001214dbc0
0x000070001214d900:   000070001214d970 000070001214dc00
0x000070001214d910:   0000000000000000 0000000000000000 

Instructions: (pc=0x00007fff3265cefa)
0x00007fff3265ceda:   84 d9 fc ff ff 4c 89 f7 e8 69 01 eb ff e9 cc fc
0x00007fff3265ceea:   ff ff 48 8d 05 9c e7 27 00 48 89 05 1e 18 2b 5a
0x00007fff3265cefa:   0f 0b 48 8d 46 f0 e9 da fd ff ff 66 66 2e 0f 1f
0x00007fff3265cf0a:   84 00 00 00 00 00 55 48 89 e5 48 8b 4f 08 31 c0 

Register to memory mapping:

RAX=0x00007fff328db68f: _XMLPlistAppendDataUsingBase64.__CFPLDataEncodeTable+0x1fbf in /System/Library/Frameworks/CoreFoundation.framework/Versions/A/CoreFoundation at 0x00007fff324ff000
RBX=0x0000000000614780 is an unknown value
RCX=0x00007fff8c905270: OBJC_CLASS_$___NSCFType+0 in /System/Library/Frameworks/CoreFoundation.framework/Versions/A/CoreFoundation at 0x00007fff324ff000
RDX=0x00007fff8c910750: __CFRuntimeObjCClassTable+0 in /System/Library/Frameworks/CoreFoundation.framework/Versions/A/CoreFoundation at 0x00007fff324ff000
RSP=0x000070001214d720 is an unknown value
RBP=0x000070001214d760 is an unknown value
RSI=0x00007ff2733374d0 is an unknown value
RDI=0x00007ff2733374d0 is an unknown value
R8 =0x0000000000576aea is an unknown value
R9 =0xffffffff00000000 is an unknown value
R10=0x00007ff277f0cc18 is an unknown value
R11=0x00007ff277f0cc20 is an unknown value
R12=0x0000000000000018 is an unknown value
R13=0x00007fff5929de80: objc_msgSend+0 in /usr/lib/libobjc.A.dylib at 0x00007fff59297000
R14=0x00007ff27984d450 is an unknown value
R15=0x0000000000000008 is an unknown value


Stack: [0x00007000120ce000,0x000070001214e000],  sp=0x000070001214d720,  free space=509k
Native frames: (J=compiled Java code, j=interpreted, Vv=VM code, C=native code)
C  [CoreFoundation+0x15defa]  _CFRelease+0x51a
C  [libopencv_videoio.3.3.dylib+0x15f7b]  -[CaptureDelegate captureOutput:didOutputSampleBuffer:fromConnection:]+0x50
C  [AVFoundation+0x120a5d]  __ConsumerRender_block_invoke+0xd1
C  [libdispatch.dylib+0x9591]  _dispatch_call_block_and_release+0xc
C  [libdispatch.dylib+0x1d50]  _dispatch_client_callout+0x8
C  [libdispatch.dylib+0x1620c]  _dispatch_queue_serial_drain+0x27b
C  [libdispatch.dylib+0x90fd]  _dispatch_queue_invoke+0x175
C  [libdispatch.dylib+0x16f02]  _dispatch_root_queue_drain_deferred_wlh+0x14c
C  [libdispatch.dylib+0x1ad16]  _dispatch_workloop_worker_thread+0x370
C  [libsystem_pthread.dylib+0x3033]  _pthread_wqthread+0x3d4
C  [libsystem_pthread.dylib+0x2c4d]  start_wqthread+0xd


---------------  P R O C E S S  ---------------

VM state:not at safepoint (normal execution)

VM Mutex/Monitor currently owned by a thread: None

Heap:
 PSYoungGen      total 76288K, used 8451K [0x000000076ab00000, 0x0000000770000000, 0x00000007c0000000)
  eden space 65536K, 12% used [0x000000076ab00000,0x000000076b340e88,0x000000076eb00000)
  from space 10752K, 0% used [0x000000076eb00000,0x000000076eb00000,0x000000076f580000)
  to   space 10752K, 0% used [0x000000076f580000,0x000000076f580000,0x0000000770000000)
 ParOldGen       total 175104K, used 24657K [0x00000006c0000000, 0x00000006cab00000, 0x000000076ab00000)
  object space 175104K, 14% used [0x00000006c0000000,0x00000006c1814618,0x00000006cab00000)
 Metaspace       used 17411K, capacity 18270K, committed 18560K, reserved 1064960K
  class space    used 2438K, capacity 2635K, committed 2688K, reserved 1048576K

Card table byte_map: [0x0000000110762000,0x0000000110f63000] byte_map_base: 0x000000010d162000

Marking Bits: (ParMarkBitMap*) 0x000000010fcf0d30
 Begin Bits: [0x000000012146c000, 0x000000012546c000)
 End Bits:   [0x000000012546c000, 0x000000012946c000)

Polling page: 0x000000010e2d4000

CodeCache: size=245760Kb used=6136Kb max_used=6141Kb free=239623Kb
 bounds [0x000000011246c000, 0x0000000112a7c000, 0x000000012146c000]
 total_blobs=2895 nmethods=2013 adapters=794
 compilation: enabled

Compilation events (10 events):
Event: 15.041 Thread 0x00007ff27504c800 2171       3       java.util.concurrent.CountDownLatch::getCount (9 bytes)
Event: 15.041 Thread 0x00007ff27504c800 nmethod 2171 0x0000000112894410 code [0x0000000112894580, 0x0000000112894850]
Event: 15.041 Thread 0x00007ff27504c800 2172       3       java.util.concurrent.CountDownLatch$Sync::getCount (5 bytes)
Event: 15.041 Thread 0x00007ff27504c800 nmethod 2172 0x0000000112a70910 code [0x0000000112a70a80, 0x0000000112a70c70]
Event: 15.188 Thread 0x00007ff27504c800 2173       3       javafx.beans.property.ReadOnlyDoubleWrapper::fireValueChangedEvent (19 bytes)
Event: 15.189 Thread 0x00007ff27504c800 nmethod 2173 0x0000000112a6ff90 code [0x0000000112a70140, 0x0000000112a706d8]
Event: 15.206 Thread 0x00007ff27504c800 2174       1       com.sun.javafx.geom.transform.Translate2D::getDegree (4 bytes)
Event: 15.207 Thread 0x00007ff27504c800 nmethod 2174 0x0000000112a60450 code [0x0000000112a605a0, 0x0000000112a606b0]
Event: 15.287 Thread 0x00007ff27504c800 2175       3       javafx.scene.image.Image$ObjectPropertyImpl::get (10 bytes)
Event: 15.287 Thread 0x00007ff27504c800 nmethod 2175 0x0000000112a6fc50 code [0x0000000112a6fda0, 0x0000000112a6fef0]

GC Heap History (10 events):
Event: 15.247 GC heap before
{Heap before GC invocations=334 (full 167):
 PSYoungGen      total 76288K, used 0K [0x000000076ab00000, 0x0000000770000000, 0x00000007c0000000)
  eden space 65536K, 0% used [0x000000076ab00000,0x000000076ab00000,0x000000076eb00000)
  from space 10752K, 0% used [0x000000076eb00000,0x000000076eb00000,0x000000076f580000)
  to   space 10752K, 0% used [0x000000076f580000,0x000000076f580000,0x0000000770000000)
 ParOldGen       total 175104K, used 24657K [0x00000006c0000000, 0x00000006cab00000, 0x000000076ab00000)
  object space 175104K, 14% used [0x00000006c0000000,0x00000006c18146b8,0x00000006cab00000)
 Metaspace       used 17411K, capacity 18270K, committed 18560K, reserved 1064960K
  class space    used 2438K, capacity 2635K, committed 2688K, reserved 1048576K
Event: 15.268 GC heap after
Heap after GC invocations=334 (full 167):
 PSYoungGen      total 76288K, used 0K [0x000000076ab00000, 0x0000000770000000, 0x00000007c0000000)
  eden space 65536K, 0% used [0x000000076ab00000,0x000000076ab00000,0x000000076eb00000)
  from space 10752K, 0% used [0x000000076eb00000,0x000000076eb00000,0x000000076f580000)
  to   space 10752K, 0% used [0x000000076f580000,0x000000076f580000,0x0000000770000000)
 ParOldGen       total 175104K, used 24657K [0x00000006c0000000, 0x00000006cab00000, 0x000000076ab00000)
  object space 175104K, 14% used [0x00000006c0000000,0x00000006c18145d8,0x00000006cab00000)
 Metaspace       used 17411K, capacity 18270K, committed 18560K, reserved 1064960K
  class space    used 2438K, capacity 2635K, committed 2688K, reserved 1048576K
}
Event: 15.346 GC heap before
{Heap before GC invocations=335 (full 167):
 PSYoungGen      total 76288K, used 17767K [0x000000076ab00000, 0x0000000770000000, 0x00000007c0000000)
  eden space 65536K, 27% used [0x000000076ab00000,0x000000076bc59e60,0x000000076eb00000)
  from space 10752K, 0% used [0x000000076eb00000,0x000000076eb00000,0x000000076f580000)
  to   space 10752K, 0% used [0x000000076f580000,0x000000076f580000,0x0000000770000000)
 ParOldGen       total 175104K, used 24657K [0x00000006c0000000, 0x00000006cab00000, 0x000000076ab00000)
  object space 175104K, 14% used [0x00000006c0000000,0x00000006c18145d8,0x00000006cab00000)
 Metaspace       used 17411K, capacity 18270K, committed 18560K, reserved 1064960K
  class space    used 2438K, capacity 2635K, committed 2688K, reserved 1048576K
Event: 15.348 GC heap after
Heap after GC invocations=335 (full 167):
 PSYoungGen      total 76288K, used 7392K [0x000000076ab00000, 0x0000000770000000, 0x00000007c0000000)
  eden space 65536K, 0% used [0x000000076ab00000,0x000000076ab00000,0x000000076eb00000)
  from space 10752K, 68% used [0x000000076f580000,0x000000076fcb8020,0x0000000770000000)
  to   space 10752K, 0% used [0x000000076eb00000,0x000000076eb00000,0x000000076f580000)
 ParOldGen       total 175104K, used 24657K [0x00000006c0000000, 0x00000006cab00000, 0x000000076ab00000)
  object space 175104K, 14% used [0x00000006c0000000,0x00000006c18145d8,0x00000006cab00000)
 Metaspace       used 17411K, capacity 18270K, committed 18560K, reserved 1064960K
  class space    used 2438K, capacity 2635K, committed 2688K, reserved 1048576K
}
Event: 15.348 GC heap before
{Heap before GC invocations=336 (full 168):
 PSYoungGen      total 76288K, used 7392K [0x000000076ab00000, 0x0000000770000000, 0x00000007c0000000)
  eden space 65536K, 0% used [0x000000076ab00000,0x000000076ab00000,0x000000076eb00000)
  from space 10752K, 68% used [0x000000076f580000,0x000000076fcb8020,0x0000000770000000)
  to   space 10752K, 0% used [0x000000076eb00000,0x000000076eb00000,0x000000076f580000)
 ParOldGen       total 175104K, used 24657K [0x00000006c0000000, 0x00000006cab00000, 0x000000076ab00000)
  object space 175104K, 14% used [0x00000006c0000000,0x00000006c18145d8,0x00000006cab00000)
 Metaspace       used 17411K, capacity 18270K, committed 18560K, reserved 1064960K
  class space    used 2438K, capacity 2635K, committed 2688K, reserved 1048576K
Event: 15.364 GC heap after
Heap after GC invocations=336 (full 168):
 PSYoungGen      total 76288K, used 0K [0x000000076ab00000, 0x0000000770000000, 0x00000007c0000000)
  eden space 65536K, 0% used [0x000000076ab00000,0x000000076ab00000,0x000000076eb00000)
  from space 10752K, 0% used [0x000000076f580000,0x000000076f580000,0x0000000770000000)
  to   space 10752K, 0% used [0x000000076eb00000,0x000000076eb00000,0x000000076f580000)
 ParOldGen       total 175104K, used 24657K [0x00000006c0000000, 0x00000006cab00000, 0x000000076ab00000)
  object space 175104K, 14% used [0x00000006c0000000,0x00000006c18146f8,0x00000006cab00000)
 Metaspace       used 17411K, capacity 18270K, committed 18560K, reserved 1064960K
  class space    used 2438K, capacity 2635K, committed 2688K, reserved 1048576K
}
Event: 15.368 GC heap before
{Heap before GC invocations=337 (full 168):
 PSYoungGen      total 76288K, used 923K [0x000000076ab00000, 0x0000000770000000, 0x00000007c0000000)
  eden space 65536K, 1% used [0x000000076ab00000,0x000000076abe6ed8,0x000000076eb00000)
  from space 10752K, 0% used [0x000000076f580000,0x000000076f580000,0x0000000770000000)
  to   space 10752K, 0% used [0x000000076eb00000,0x000000076eb00000,0x000000076f580000)
 ParOldGen       total 175104K, used 24657K [0x00000006c0000000, 0x00000006cab00000, 0x000000076ab00000)
  object space 175104K, 14% used [0x00000006c0000000,0x00000006c18146f8,0x00000006cab00000)
 Metaspace       used 17411K, capacity 18270K, committed 18560K, reserved 1064960K
  class space    used 2438K, capacity 2635K, committed 2688K, reserved 1048576K
Event: 15.369 GC heap after
Heap after GC invocations=337 (full 168):
 PSYoungGen      total 76288K, used 0K [0x000000076ab00000, 0x0000000770000000, 0x00000007c0000000)
  eden space 65536K, 0% used [0x000000076ab00000,0x000000076ab00000,0x000000076eb00000)
  from space 10752K, 0% used [0x000000076eb00000,0x000000076eb00000,0x000000076f580000)
  to   space 10752K, 0% used [0x000000076f580000,0x000000076f580000,0x0000000770000000)
 ParOldGen       total 175104K, used 24657K [0x00000006c0000000, 0x00000006cab00000, 0x000000076ab00000)
  object space 175104K, 14% used [0x00000006c0000000,0x00000006c18146f8,0x00000006cab00000)
 Metaspace       used 17411K, capacity 18270K, committed 18560K, reserved 1064960K
  class space    used 2438K, capacity 2635K, committed 2688K, reserved 1048576K
}
Event: 15.369 GC heap before
{Heap before GC invocations=338 (full 169):
 PSYoungGen      total 76288K, used 0K [0x000000076ab00000, 0x0000000770000000, 0x00000007c0000000)
  eden space 65536K, 0% used [0x000000076ab00000,0x000000076ab00000,0x000000076eb00000)
  from space 10752K, 0% used [0x000000076eb00000,0x000000076eb00000,0x000000076f580000)
  to   space 10752K, 0% used [0x000000076f580000,0x000000076f580000,0x0000000770000000)
 ParOldGen       total 175104K, used 24657K [0x00000006c0000000, 0x00000006cab00000, 0x000000076ab00000)
  object space 175104K, 14% used [0x00000006c0000000,0x00000006c18146f8,0x00000006cab00000)
 Metaspace       used 17411K, capacity 18270K, committed 18560K, reserved 1064960K
  class space    used 2438K, capacity 2635K, committed 2688K, reserved 1048576K
Event: 15.385 GC heap after
Heap after GC invocations=338 (full 169):
 PSYoungGen      total 76288K, used 0K [0x000000076ab00000, 0x0000000770000000, 0x00000007c0000000)
  eden space 65536K, 0% used [0x000000076ab00000,0x000000076ab00000,0x000000076eb00000)
  from space 10752K, 0% used [0x000000076eb00000,0x000000076eb00000,0x000000076f580000)
  to   space 10752K, 0% used [0x000000076f580000,0x000000076f580000,0x0000000770000000)
 ParOldGen       total 175104K, used 24657K [0x00000006c0000000, 0x00000006cab00000, 0x000000076ab00000)
  object space 175104K, 14% used [0x00000006c0000000,0x00000006c1814618,0x00000006cab00000)
 Metaspace       used 17411K, capacity 18270K, committed 18560K, reserved 1064960K
  class space    used 2438K, capacity 2635K, committed 2688K, reserved 1048576K
}

Deoptimization events (10 events):
Event: 1.168 Thread 0x00007ff272802800 Uncommon trap: reason=class_check action=maybe_recompile pc=0x00000001126a5184 method=java.io.DataInputStream.readShort()S @ 4
Event: 1.172 Thread 0x00007ff272802800 Uncommon trap: reason=class_check action=maybe_recompile pc=0x000000011258cf9c method=java.lang.String.equals(Ljava/lang/Object;)Z @ 8
Event: 1.172 Thread 0x00007ff272802800 Uncommon trap: reason=class_check action=maybe_recompile pc=0x000000011258cf9c method=java.lang.String.equals(Ljava/lang/Object;)Z @ 8
Event: 1.172 Thread 0x00007ff272802800 Uncommon trap: reason=class_check action=maybe_recompile pc=0x000000011258cf9c method=java.lang.String.equals(Ljava/lang/Object;)Z @ 8
Event: 1.173 Thread 0x00007ff272802800 Uncommon trap: reason=class_check action=maybe_recompile pc=0x000000011258cf9c method=java.lang.String.equals(Ljava/lang/Object;)Z @ 8
Event: 1.282 Thread 0x00007ff272802800 Uncommon trap: reason=unstable_if action=reinterpret pc=0x00000001127b8bb0 method=java.util.HashMap.isEmpty()Z @ 4
Event: 1.285 Thread 0x00007ff272802800 Uncommon trap: reason=unstable_if action=reinterpret pc=0x00000001127b5090 method=sun.misc.URLClassPath$JarLoader.ensureOpen()V @ 4
Event: 1.408 Thread 0x00007ff27505c000 Uncommon trap: reason=unstable_if action=reinterpret pc=0x0000000112710a94 method=sun.net.www.ParseUtil.encodePath(Ljava/lang/String;Z)Ljava/lang/String; @ 109
Event: 4.163 Thread 0x00007ff27499b000 Uncommon trap: reason=unstable_if action=reinterpret pc=0x000000011289e704 method=com.sun.javafx.image.impl.IntTo4ByteSameConverter.doConvert([III[BIIII)V @ 29
Event: 6.055 Thread 0x00007ff272802800 Uncommon trap: reason=unstable_if action=reinterpret pc=0x000000011276fbfc method=jdk.internal.org.objectweb.asm.Type.getArgumentsAndReturnSizes(Ljava/lang/String;)I @ 47

Internal exceptions (10 events):
Event: 0.241 Thread 0x00007ff274001800 Exception <a 'java/security/PrivilegedActionException'> (0x000000076b11c310) thrown at [/Users/java_re/workspace/8-2-build-macosx-x86_64/jdk8u121/8372/hotspot/src/share/vm/prims/jvm.cpp, line 1390]
Event: 0.241 Thread 0x00007ff274001800 Exception <a 'java/security/PrivilegedActionException'> (0x000000076b11c520) thrown at [/Users/java_re/workspace/8-2-build-macosx-x86_64/jdk8u121/8372/hotspot/src/share/vm/prims/jvm.cpp, line 1390]
Event: 0.242 Thread 0x00007ff274001800 Exception <a 'java/security/PrivilegedActionException'> (0x000000076b11f850) thrown at [/Users/java_re/workspace/8-2-build-macosx-x86_64/jdk8u121/8372/hotspot/src/share/vm/prims/jvm.cpp, line 1390]
Event: 0.242 Thread 0x00007ff274001800 Exception <a 'java/security/PrivilegedActionException'> (0x000000076b11fa60) thrown at [/Users/java_re/workspace/8-2-build-macosx-x86_64/jdk8u121/8372/hotspot/src/share/vm/prims/jvm.cpp, line 1390]
Event: 0.242 Thread 0x00007ff274001800 Exception <a 'java/lang/NullPointerException'> (0x000000076b120680) thrown at [/Users/java_re/workspace/8-2-build-macosx-x86_64/jdk8u121/8372/hotspot/src/share/vm/interpreter/linkResolver.cpp, line 1178]
Event: 0.635 Thread 0x00007ff272802800 Exception <a 'java/lang/NullPointerException'> (0x000000076bf76390) thrown at [/Users/java_re/workspace/8-2-build-macosx-x86_64/jdk8u121/8372/hotspot/src/share/vm/interpreter/linkResolver.cpp, line 1178]
Event: 0.635 Thread 0x00007ff272802800 Exception <a 'java/lang/NullPointerException'> (0x000000076bf76390) thrown at [/Users/java_re/workspace/8-2-build-macosx-x86_64/jdk8u121/8372/hotspot/src/share/vm/prims/jvm.cpp, line 1394]
Event: 1.285 Thread 0x00007ff272802800 Implicit null exception at 0x00000001127b4044 to 0x00000001127b5085
Event: 4.007 Thread 0x00007ff27499b000 Exception <a 'java/io/FileNotFoundException'> (0x000000076da52038) thrown at [/Users/java_re/workspace/8-2-build-macosx-x86_64/jdk8u121/8372/hotspot/src/share/vm/prims/jni.cpp, line 709]
Event: 4.007 Thread 0x00007ff27499b000 Exception <a 'java/io/FileNotFoundException'> (0x000000076da52ba0) thrown at [/Users/java_re/workspace/8-2-build-macosx-x86_64/jdk8u121/8372/hotspot/src/share/vm/prims/jni.cpp, line 709]

Events (10 events):
Event: 15.092 Executing VM operation: ParallelGCSystemGC
Event: 15.105 Executing VM operation: ParallelGCSystemGC done
Event: 15.215 Executing VM operation: ParallelGCSystemGC
Event: 15.236 Executing VM operation: ParallelGCSystemGC done
Event: 15.245 Executing VM operation: ParallelGCSystemGC
Event: 15.268 Executing VM operation: ParallelGCSystemGC done
Event: 15.346 Executing VM operation: ParallelGCSystemGC
Event: 15.364 Executing VM operation: ParallelGCSystemGC done
Event: 15.368 Executing VM operation: ParallelGCSystemGC
Event: 15.385 Executing VM operation: ParallelGCSystemGC done


Dynamic libraries:
0x000000000ab57000 	/System/Library/Frameworks/Cocoa.framework/Versions/A/Cocoa
0x000000000ab57000 	/System/Library/Frameworks/Security.framework/Versions/A/Security
0x000000000ab57000 	/System/Library/Frameworks/ApplicationServices.framework/Versions/A/ApplicationServices
0x000000000ab57000 	/usr/lib/libz.1.dylib
0x000000000ab57000 	/usr/lib/libSystem.B.dylib
0x000000000ab57000 	/usr/lib/libobjc.A.dylib
0x000000000ab57000 	/System/Library/Frameworks/CoreFoundation.framework/Versions/A/CoreFoundation
0x000000000ab57000 	/System/Library/Frameworks/Foundation.framework/Versions/C/Foundation
0x000000000ab57000 	/System/Library/Frameworks/AppKit.framework/Versions/C/AppKit
0x000000000ab57000 	/System/Library/Frameworks/CoreData.framework/Versions/A/CoreData
0x000000000ab57000 	/System/Library/PrivateFrameworks/RemoteViewServices.framework/Versions/A/RemoteViewServices
0x000000000ab57000 	/System/Library/PrivateFrameworks/UIFoundation.framework/Versions/A/UIFoundation
0x000000000ab57000 	/System/Library/PrivateFrameworks/DFRFoundation.framework/Versions/A/DFRFoundation
0x000000000ab57000 	/System/Library/Frameworks/Metal.framework/Versions/A/Metal
0x000000000ab57000 	/System/Library/PrivateFrameworks/DesktopServicesPriv.framework/Versions/A/DesktopServicesPriv
0x000000000ab57000 	/usr/lib/libenergytrace.dylib
0x000000000ab57000 	/System/Library/PrivateFrameworks/SkyLight.framework/Versions/A/SkyLight
0x000000000ab57000 	/System/Library/Frameworks/CoreGraphics.framework/Versions/A/CoreGraphics
0x000000000ab57000 	/usr/lib/libScreenReader.dylib
0x000000000ab57000 	/System/Library/Frameworks/Accelerate.framework/Versions/A/Accelerate
0x000000000ab57000 	/System/Library/Frameworks/IOSurface.framework/Versions/A/IOSurface
0x000000000ab57000 	/System/Library/Frameworks/AudioToolbox.framework/Versions/A/AudioToolbox
0x000000000ab57000 	/System/Library/Frameworks/AudioUnit.framework/Versions/A/AudioUnit
0x000000000ab57000 	/System/Library/PrivateFrameworks/DataDetectorsCore.framework/Versions/A/DataDetectorsCore
0x000000000ab57000 	/System/Library/Frameworks/Carbon.framework/Versions/A/Frameworks/HIToolbox.framework/Versions/A/HIToolbox
0x000000000ab57000 	/usr/lib/libicucore.A.dylib
0x000000000ab57000 	/System/Library/Frameworks/QuartzCore.framework/Versions/A/QuartzCore
0x000000000ab57000 	/System/Library/Frameworks/Carbon.framework/Versions/A/Frameworks/SpeechRecognition.framework/Versions/A/SpeechRecognition
0x000000000ab57000 	/usr/lib/libauto.dylib
0x000000000ab57000 	/usr/lib/libxml2.2.dylib
0x000000000ab57000 	/System/Library/PrivateFrameworks/CoreUI.framework/Versions/A/CoreUI
0x000000000ab57000 	/System/Library/Frameworks/CoreAudio.framework/Versions/A/CoreAudio
0x000000000ab57000 	/System/Library/Frameworks/DiskArbitration.framework/Versions/A/DiskArbitration
0x000000000ab57000 	/usr/lib/liblangid.dylib
0x000000000ab57000 	/System/Library/PrivateFrameworks/MultitouchSupport.framework/Versions/A/MultitouchSupport
0x000000000ab57000 	/System/Library/Frameworks/IOKit.framework/Versions/A/IOKit
0x000000000ab57000 	/usr/lib/libDiagnosticMessagesClient.dylib
0x000000000ab57000 	/System/Library/Frameworks/CoreServices.framework/Versions/A/CoreServices
0x000000000ab57000 	/System/Library/PrivateFrameworks/PerformanceAnalysis.framework/Versions/A/PerformanceAnalysis
0x000000000ab57000 	/System/Library/Frameworks/OpenGL.framework/Versions/A/OpenGL
0x000000000ab57000 	/System/Library/Frameworks/ColorSync.framework/Versions/A/ColorSync
0x000000000ab57000 	/System/Library/Frameworks/CoreImage.framework/Versions/A/CoreImage
0x000000000ab57000 	/System/Library/Frameworks/CoreText.framework/Versions/A/CoreText
0x000000000ab57000 	/System/Library/Frameworks/ImageIO.framework/Versions/A/ImageIO
0x000000000ab57000 	/System/Library/PrivateFrameworks/Backup.framework/Versions/A/Backup
0x000000000ab57000 	/usr/lib/libarchive.2.dylib
0x000000000ab57000 	/System/Library/Frameworks/CFNetwork.framework/Versions/A/CFNetwork
0x000000000ab57000 	/System/Library/Frameworks/SystemConfiguration.framework/Versions/A/SystemConfiguration
0x000000000ab57000 	/usr/lib/libCRFSuite.dylib
0x000000000ab57000 	/usr/lib/libc++.1.dylib
0x000000000ab57000 	/usr/lib/libc++abi.dylib
0x000000000ab57000 	/usr/lib/system/libcache.dylib
0x000000000ab57000 	/usr/lib/system/libcommonCrypto.dylib
0x000000000ab57000 	/usr/lib/system/libcompiler_rt.dylib
0x000000000ab57000 	/usr/lib/system/libcopyfile.dylib
0x000000000ab57000 	/usr/lib/system/libcorecrypto.dylib
0x000000000ab57000 	/usr/lib/system/libdispatch.dylib
0x000000000ab57000 	/usr/lib/system/libdyld.dylib
0x000000000ab57000 	/usr/lib/system/libkeymgr.dylib
0x000000000ab57000 	/usr/lib/system/liblaunch.dylib
0x000000000ab57000 	/usr/lib/system/libmacho.dylib
0x000000000ab57000 	/usr/lib/system/libquarantine.dylib
0x000000000ab57000 	/usr/lib/system/libremovefile.dylib
0x000000000ab57000 	/usr/lib/system/libsystem_asl.dylib
0x000000000ab57000 	/usr/lib/system/libsystem_blocks.dylib
0x000000000ab57000 	/usr/lib/system/libsystem_c.dylib
0x000000000ab57000 	/usr/lib/system/libsystem_configuration.dylib
0x000000000ab57000 	/usr/lib/system/libsystem_coreservices.dylib
0x000000000ab57000 	/usr/lib/system/libsystem_darwin.dylib
0x000000000ab57000 	/usr/lib/system/libsystem_dnssd.dylib
0x000000000ab57000 	/usr/lib/system/libsystem_info.dylib
0x000000000ab57000 	/usr/lib/system/libsystem_m.dylib
0x000000000ab57000 	/usr/lib/system/libsystem_malloc.dylib
0x000000000ab57000 	/usr/lib/system/libsystem_network.dylib
0x000000000ab57000 	/usr/lib/system/libsystem_networkextension.dylib
0x000000000ab57000 	/usr/lib/system/libsystem_notify.dylib
0x000000000ab57000 	/usr/lib/system/libsystem_sandbox.dylib
0x000000000ab57000 	/usr/lib/system/libsystem_secinit.dylib
0x000000000ab57000 	/usr/lib/system/libsystem_kernel.dylib
0x000000000ab57000 	/usr/lib/system/libsystem_platform.dylib
0x000000000ab57000 	/usr/lib/system/libsystem_pthread.dylib
0x000000000ab57000 	/usr/lib/system/libsystem_symptoms.dylib
0x000000000ab57000 	/usr/lib/system/libsystem_trace.dylib
0x000000000ab57000 	/usr/lib/system/libunwind.dylib
0x000000000ab57000 	/usr/lib/system/libxpc.dylib
0x000000000ab57000 	/usr/lib/closure/libclosured.dylib
0x000000000ab57000 	/usr/lib/libbsm.0.dylib
0x000000000ab57000 	/usr/lib/system/libkxld.dylib
0x000000000ab57000 	/usr/lib/libOpenScriptingUtil.dylib
0x000000000ab57000 	/usr/lib/libcoretls.dylib
0x000000000ab57000 	/usr/lib/libcoretls_cfhelpers.dylib
0x000000000ab57000 	/usr/lib/libpam.2.dylib
0x000000000ab57000 	/usr/lib/libsqlite3.dylib
0x000000000ab57000 	/usr/lib/libxar.1.dylib
0x000000000ab57000 	/usr/lib/libbz2.1.0.dylib
0x000000000ab57000 	/usr/lib/liblzma.5.dylib
0x000000000ab57000 	/usr/lib/libnetwork.dylib
0x000000000ab57000 	/usr/lib/libapple_nghttp2.dylib
0x000000000ab57000 	/usr/lib/libpcap.A.dylib
0x000000000ab57000 	/usr/lib/libboringssl.dylib
0x000000000ab57000 	/usr/lib/libusrtcp.dylib
0x000000000ab57000 	/usr/lib/libapple_crypto.dylib
0x000000000ab57000 	/System/Library/Frameworks/CoreServices.framework/Versions/A/Frameworks/FSEvents.framework/Versions/A/FSEvents
0x000000000ab57000 	/System/Library/Frameworks/CoreServices.framework/Versions/A/Frameworks/CarbonCore.framework/Versions/A/CarbonCore
0x000000000ab57000 	/System/Library/Frameworks/CoreServices.framework/Versions/A/Frameworks/Metadata.framework/Versions/A/Metadata
0x000000000ab57000 	/System/Library/Frameworks/CoreServices.framework/Versions/A/Frameworks/OSServices.framework/Versions/A/OSServices
0x000000000ab57000 	/System/Library/Frameworks/CoreServices.framework/Versions/A/Frameworks/SearchKit.framework/Versions/A/SearchKit
0x000000000ab57000 	/System/Library/Frameworks/CoreServices.framework/Versions/A/Frameworks/AE.framework/Versions/A/AE
0x000000000ab57000 	/System/Library/Frameworks/CoreServices.framework/Versions/A/Frameworks/LaunchServices.framework/Versions/A/LaunchServices
0x000000000ab57000 	/System/Library/Frameworks/CoreServices.framework/Versions/A/Frameworks/DictionaryServices.framework/Versions/A/DictionaryServices
0x000000000ab57000 	/System/Library/Frameworks/CoreServices.framework/Versions/A/Frameworks/SharedFileList.framework/Versions/A/SharedFileList
0x000000000ab57000 	/System/Library/Frameworks/NetFS.framework/Versions/A/NetFS
0x000000000ab57000 	/System/Library/PrivateFrameworks/NetAuth.framework/Versions/A/NetAuth
0x000000000ab57000 	/System/Library/PrivateFrameworks/login.framework/Versions/A/Frameworks/loginsupport.framework/Versions/A/loginsupport
0x000000000ab57000 	/System/Library/PrivateFrameworks/TCC.framework/Versions/A/TCC
0x000000000ab57000 	/usr/lib/libmecabra.dylib
0x000000000ab57000 	/System/Library/Frameworks/ApplicationServices.framework/Versions/A/Frameworks/ATS.framework/Versions/A/ATS
0x000000000ab57000 	/System/Library/Frameworks/ApplicationServices.framework/Versions/A/Frameworks/ColorSyncLegacy.framework/Versions/A/ColorSyncLegacy
0x000000000ab57000 	/System/Library/Frameworks/ApplicationServices.framework/Versions/A/Frameworks/HIServices.framework/Versions/A/HIServices
0x000000000ab57000 	/System/Library/Frameworks/ApplicationServices.framework/Versions/A/Frameworks/LangAnalysis.framework/Versions/A/LangAnalysis
0x000000000ab57000 	/System/Library/Frameworks/ApplicationServices.framework/Versions/A/Frameworks/PrintCore.framework/Versions/A/PrintCore
0x000000000ab57000 	/System/Library/Frameworks/ApplicationServices.framework/Versions/A/Frameworks/QD.framework/Versions/A/QD
0x000000000ab57000 	/System/Library/Frameworks/ApplicationServices.framework/Versions/A/Frameworks/SpeechSynthesis.framework/Versions/A/SpeechSynthesis
0x000000000ab57000 	/System/Library/Frameworks/CoreDisplay.framework/Versions/A/CoreDisplay
0x000000000ab57000 	/System/Library/Frameworks/Accelerate.framework/Versions/A/Frameworks/vImage.framework/Versions/A/vImage
0x000000000ab57000 	/System/Library/Frameworks/Accelerate.framework/Versions/A/Frameworks/vecLib.framework/Versions/A/vecLib
0x000000000ab57000 	/System/Library/Frameworks/Accelerate.framework/Versions/A/Frameworks/vecLib.framework/Versions/A/libvDSP.dylib
0x000000000ab57000 	/System/Library/Frameworks/Accelerate.framework/Versions/A/Frameworks/vecLib.framework/Versions/A/libBNNS.dylib
0x000000000ab57000 	/System/Library/Frameworks/Accelerate.framework/Versions/A/Frameworks/vecLib.framework/Versions/A/libQuadrature.dylib
0x000000000ab57000 	/System/Library/Frameworks/Accelerate.framework/Versions/A/Frameworks/vecLib.framework/Versions/A/libvMisc.dylib
0x000000000ab57000 	/System/Library/Frameworks/Accelerate.framework/Versions/A/Frameworks/vecLib.framework/Versions/A/libLAPACK.dylib
0x000000000ab57000 	/System/Library/Frameworks/Accelerate.framework/Versions/A/Frameworks/vecLib.framework/Versions/A/libBLAS.dylib
0x000000000ab57000 	/System/Library/Frameworks/Accelerate.framework/Versions/A/Frameworks/vecLib.framework/Versions/A/libLinearAlgebra.dylib
0x000000000ab57000 	/System/Library/Frameworks/Accelerate.framework/Versions/A/Frameworks/vecLib.framework/Versions/A/libSparse.dylib
0x000000000ab57000 	/System/Library/Frameworks/Accelerate.framework/Versions/A/Frameworks/vecLib.framework/Versions/A/libSparseBLAS.dylib
0x000000000ab57000 	/System/Library/PrivateFrameworks/IOAccelerator.framework/Versions/A/IOAccelerator
0x000000000ab57000 	/System/Library/PrivateFrameworks/IOPresentment.framework/Versions/A/IOPresentment
0x000000000ab57000 	/System/Library/PrivateFrameworks/DSExternalDisplay.framework/Versions/A/DSExternalDisplay
0x000000000ab57000 	/System/Library/Frameworks/OpenGL.framework/Versions/A/Libraries/libCoreFSCache.dylib
0x000000000ab57000 	/System/Library/Frameworks/CoreVideo.framework/Versions/A/CoreVideo
0x000000000ab57000 	/System/Library/PrivateFrameworks/GraphVisualizer.framework/Versions/A/GraphVisualizer
0x000000000ab57000 	/System/Library/Frameworks/MetalPerformanceShaders.framework/Versions/A/MetalPerformanceShaders
0x000000000ab57000 	/usr/lib/libFosl_dynamic.dylib
0x000000000ab57000 	/System/Library/PrivateFrameworks/FaceCore.framework/Versions/A/FaceCore
0x000000000ab57000 	/System/Library/Frameworks/OpenCL.framework/Versions/A/OpenCL
0x000000000ab57000 	/usr/lib/libcompression.dylib
0x000000000ab57000 	/System/Library/Frameworks/ApplicationServices.framework/Versions/A/Frameworks/ATS.framework/Versions/A/Resources/libFontParser.dylib
0x000000000ab57000 	/System/Library/Frameworks/ApplicationServices.framework/Versions/A/Frameworks/ATS.framework/Versions/A/Resources/libFontRegistry.dylib
0x000000000ab57000 	/System/Library/Frameworks/ImageIO.framework/Versions/A/Resources/libJPEG.dylib
0x000000000ab57000 	/System/Library/Frameworks/ImageIO.framework/Versions/A/Resources/libTIFF.dylib
0x000000000ab57000 	/System/Library/Frameworks/ImageIO.framework/Versions/A/Resources/libPng.dylib
0x000000000ab57000 	/System/Library/Frameworks/ImageIO.framework/Versions/A/Resources/libGIF.dylib
0x000000000ab57000 	/System/Library/Frameworks/ImageIO.framework/Versions/A/Resources/libJP2.dylib
0x000000000ab57000 	/System/Library/Frameworks/ImageIO.framework/Versions/A/Resources/libRadiance.dylib
0x000000000ab57000 	/System/Library/PrivateFrameworks/AppleJPEG.framework/Versions/A/AppleJPEG
0x000000000ab57000 	/System/Library/PrivateFrameworks/MetalTools.framework/Versions/A/MetalTools
0x000000000ab57000 	/System/Library/Frameworks/MetalPerformanceShaders.framework/Frameworks/MPSCore.framework/Versions/A/MPSCore
0x000000000ab57000 	/System/Library/Frameworks/MetalPerformanceShaders.framework/Frameworks/MPSImage.framework/Versions/A/MPSImage
0x000000000ab57000 	/System/Library/Frameworks/MetalPerformanceShaders.framework/Frameworks/MPSMatrix.framework/Versions/A/MPSMatrix
0x000000000ab57000 	/System/Library/Frameworks/MetalPerformanceShaders.framework/Frameworks/MPSNeuralNetwork.framework/Versions/A/MPSNeuralNetwork
0x000000000ab57000 	/System/Library/Frameworks/OpenGL.framework/Versions/A/Libraries/libGLU.dylib
0x000000000ab57000 	/System/Library/Frameworks/OpenGL.framework/Versions/A/Libraries/libGFXShared.dylib
0x000000000ab57000 	/System/Library/Frameworks/OpenGL.framework/Versions/A/Libraries/libGL.dylib
0x000000000ab57000 	/System/Library/Frameworks/OpenGL.framework/Versions/A/Libraries/libGLImage.dylib
0x000000000ab57000 	/System/Library/Frameworks/OpenGL.framework/Versions/A/Libraries/libCVMSPluginSupport.dylib
0x000000000ab57000 	/System/Library/Frameworks/OpenGL.framework/Versions/A/Libraries/libCoreVMClient.dylib
0x000000000ab57000 	/usr/lib/libcups.2.dylib
0x000000000ab57000 	/System/Library/Frameworks/Kerberos.framework/Versions/A/Kerberos
0x000000000ab57000 	/System/Library/Frameworks/GSS.framework/Versions/A/GSS
0x000000000ab57000 	/usr/lib/libresolv.9.dylib
0x000000000ab57000 	/usr/lib/libiconv.2.dylib
0x000000000ab57000 	/System/Library/PrivateFrameworks/Heimdal.framework/Versions/A/Heimdal
0x000000000ab57000 	/usr/lib/libheimdal-asn1.dylib
0x000000000ab57000 	/System/Library/Frameworks/OpenDirectory.framework/Versions/A/OpenDirectory
0x000000000ab57000 	/System/Library/PrivateFrameworks/CommonAuth.framework/Versions/A/CommonAuth
0x000000000ab57000 	/System/Library/Frameworks/OpenDirectory.framework/Versions/A/Frameworks/CFOpenDirectory.framework/Versions/A/CFOpenDirectory
0x000000000ab57000 	/System/Library/Frameworks/SecurityFoundation.framework/Versions/A/SecurityFoundation
0x000000000ab57000 	/System/Library/PrivateFrameworks/APFS.framework/Versions/A/APFS
0x000000000ab57000 	/usr/lib/libutil.dylib
0x000000000ab57000 	/System/Library/PrivateFrameworks/AppleSauce.framework/Versions/A/AppleSauce
0x000000000ab57000 	/System/Library/PrivateFrameworks/LinguisticData.framework/Versions/A/LinguisticData
0x000000000ab57000 	/usr/lib/libmarisa.dylib
0x000000000ab57000 	/System/Library/PrivateFrameworks/Lexicon.framework/Versions/A/Lexicon
0x000000000ab57000 	/usr/lib/libChineseTokenizer.dylib
0x000000000ab57000 	/usr/lib/libcmph.dylib
0x000000000ab57000 	/System/Library/PrivateFrameworks/LanguageModeling.framework/Versions/A/LanguageModeling
0x000000000ab57000 	/System/Library/PrivateFrameworks/CoreEmoji.framework/Versions/A/CoreEmoji
0x000000000ab57000 	/System/Library/Frameworks/ServiceManagement.framework/Versions/A/ServiceManagement
0x000000000ab57000 	/System/Library/PrivateFrameworks/BackgroundTaskManagement.framework/Versions/A/BackgroundTaskManagement
0x000000000ab57000 	/usr/lib/libxslt.1.dylib
0x000000000ab57000 	/System/Library/Frameworks/Carbon.framework/Versions/A/Frameworks/Ink.framework/Versions/A/Ink
0x000000000ab57000 	/System/Library/PrivateFrameworks/TextureIO.framework/Versions/A/TextureIO
0x000000000ab57000 	/usr/lib/libate.dylib
0x000000000ab57000 	/System/Library/PrivateFrameworks/CrashReporterSupport.framework/Versions/A/CrashReporterSupport
0x000000000ab57000 	/System/Library/PrivateFrameworks/Sharing.framework/Versions/A/Sharing
0x000000000ab57000 	/System/Library/PrivateFrameworks/IconServices.framework/Versions/A/IconServices
0x000000000ab57000 	/System/Library/PrivateFrameworks/ProtocolBuffer.framework/Versions/A/ProtocolBuffer
0x000000000ab57000 	/System/Library/PrivateFrameworks/Apple80211.framework/Versions/A/Apple80211
0x000000000ab57000 	/System/Library/Frameworks/CoreWLAN.framework/Versions/A/CoreWLAN
0x000000000ab57000 	/System/Library/PrivateFrameworks/CoreUtils.framework/Versions/A/CoreUtils
0x000000000ab57000 	/System/Library/Frameworks/IOBluetooth.framework/Versions/A/IOBluetooth
0x000000000ab57000 	/System/Library/PrivateFrameworks/CoreWiFi.framework/Versions/A/CoreWiFi
0x000000000ab57000 	/System/Library/Frameworks/CoreBluetooth.framework/Versions/A/CoreBluetooth
0x000000000ab57000 	/System/Library/PrivateFrameworks/SignpostNotification.framework/Versions/A/SignpostNotification
0x000000000ab57000 	/System/Library/PrivateFrameworks/DebugSymbols.framework/Versions/A/DebugSymbols
0x000000000ab57000 	/System/Library/PrivateFrameworks/CoreSymbolication.framework/Versions/A/CoreSymbolication
0x000000000ab57000 	/System/Library/PrivateFrameworks/Symbolication.framework/Versions/A/Symbolication
0x000000000ab57000 	/System/Library/PrivateFrameworks/AppleFSCompression.framework/Versions/A/AppleFSCompression
0x000000000ab57000 	/System/Library/PrivateFrameworks/SpeechRecognitionCore.framework/Versions/A/SpeechRecognitionCore
0x000000010f400000 	/Library/Java/JavaVirtualMachines/jdk1.8.0_121.jdk/Contents/Home/jre/lib/server/libjvm.dylib
0x000000000ab57000 	/usr/lib/libstdc++.6.0.9.dylib
0x000000010e291000 	/Library/Java/JavaVirtualMachines/jdk1.8.0_121.jdk/Contents/Home/jre/lib/libverify.dylib
0x000000010e29f000 	/Library/Java/JavaVirtualMachines/jdk1.8.0_121.jdk/Contents/Home/jre/lib/libjava.dylib
0x000000010e2d5000 	/Library/Java/JavaVirtualMachines/jdk1.8.0_121.jdk/Contents/Home/jre/lib/libinstrument.dylib
0x000000010e373000 	/Library/Java/JavaVirtualMachines/jdk1.8.0_121.jdk/Contents/Home/jre/lib/libzip.dylib
0x000000000ab57000 	/System/Library/Frameworks/JavaVM.framework/Versions/A/Frameworks/JavaRuntimeSupport.framework/Versions/A/JavaRuntimeSupport
0x000000000ab57000 	/System/Library/Frameworks/JavaVM.framework/Versions/A/Frameworks/JavaNativeFoundation.framework/Versions/A/JavaNativeFoundation
0x000000000ab57000 	/System/Library/Frameworks/JavaVM.framework/Versions/A/JavaVM
0x000000000ab57000 	/System/Library/Frameworks/Carbon.framework/Versions/A/Carbon
0x000000000ab57000 	/System/Library/PrivateFrameworks/JavaLaunching.framework/Versions/A/JavaLaunching
0x000000000ab57000 	/System/Library/Frameworks/Carbon.framework/Versions/A/Frameworks/CommonPanels.framework/Versions/A/CommonPanels
0x000000000ab57000 	/System/Library/Frameworks/Carbon.framework/Versions/A/Frameworks/Help.framework/Versions/A/Help
0x000000000ab57000 	/System/Library/Frameworks/Carbon.framework/Versions/A/Frameworks/ImageCapture.framework/Versions/A/ImageCapture
0x000000000ab57000 	/System/Library/Frameworks/Carbon.framework/Versions/A/Frameworks/OpenScripting.framework/Versions/A/OpenScripting
0x000000000ab57000 	/System/Library/Frameworks/Carbon.framework/Versions/A/Frameworks/Print.framework/Versions/A/Print
0x000000000ab57000 	/System/Library/Frameworks/Carbon.framework/Versions/A/Frameworks/SecurityHI.framework/Versions/A/SecurityHI
0x000000012cf46000 	/Library/Java/JavaVirtualMachines/jdk1.8.0_121.jdk/Contents/Home/jre/lib/libnet.dylib
0x000000012d03b000 	/Library/Java/JavaVirtualMachines/jdk1.8.0_121.jdk/Contents/Home/jre/lib/libprism_es2.dylib
0x000000000ab57000 	/System/Library/PrivateFrameworks/CoreServicesInternal.framework/Versions/A/CoreServicesInternal
0x000000000ab57000 	/System/Library/Frameworks/OpenGL.framework/Versions/A/Resources/GLEngine.bundle/GLEngine
0x000000000ab57000 	/System/Library/Frameworks/OpenGL.framework/Versions/A/Libraries/libGLProgrammability.dylib
0x000000012d2e5000 	/System/Library/Extensions/AppleIntelHD5000GraphicsGLDriver.bundle/Contents/MacOS/AppleIntelHD5000GraphicsGLDriver
0x000000000ab57000 	/System/Library/PrivateFrameworks/GPUSupport.framework/Versions/A/Libraries/libGPUSupportMercury.dylib
0x000000000ab57000 	/System/Library/Frameworks/OpenGL.framework/Versions/A/Resources/GLRendererFloat.bundle/GLRendererFloat
0x000000000ab57000 	/System/Library/Frameworks/OpenCL.framework/Versions/A/Libraries/libcldcpuengine.dylib
0x000000000ab57000 	/usr/lib/libcrypto.35.dylib
0x000000000ab57000 	/System/Library/PrivateFrameworks/TrustEvaluationAgent.framework/Versions/A/TrustEvaluationAgent
0x000000012de7a000 	/Library/Java/JavaVirtualMachines/jdk1.8.0_121.jdk/Contents/Home/jre/lib/libglass.dylib
0x000000000ab57000 	/System/Library/CoreServices/RawCamera.bundle/Contents/MacOS/RawCamera
0x000000000ab57000 	/System/Library/PrivateFrameworks/MobileAsset.framework/Versions/A/MobileAsset
0x000000000ab57000 	/System/Library/PrivateFrameworks/StreamingZip.framework/Versions/A/StreamingZip
0x000000000ab57000 	/System/Library/Frameworks/MediaToolbox.framework/Versions/A/MediaToolbox
0x000000000ab57000 	/System/Library/PrivateFrameworks/CoreAVCHD.framework/Versions/A/CoreAVCHD
0x000000000ab57000 	/System/Library/Frameworks/MediaAccessibility.framework/Versions/A/MediaAccessibility
0x000000000ab57000 	/System/Library/PrivateFrameworks/Mangrove.framework/Versions/A/Mangrove
0x000000000ab57000 	/System/Library/Frameworks/CoreMedia.framework/Versions/A/CoreMedia
0x000000000ab57000 	/System/Library/Frameworks/VideoToolbox.framework/Versions/A/VideoToolbox
0x000000000ab57000 	/System/Library/PrivateFrameworks/CoreAUC.framework/Versions/A/CoreAUC
0x000000000ab57000 	/usr/lib/libspindump.dylib
0x000000000ab57000 	/usr/lib/libdscsym.dylib
0x000000000ab57000 	/System/Library/PrivateFrameworks/AppleVA.framework/Versions/A/AppleVA
0x000000000ab57000 	/System/Library/Frameworks/Accelerate.framework/Versions/A/Frameworks/vImage.framework/Versions/A/Libraries/libCGInterfaces.dylib
0x000000000ab57000 	/System/Library/PrivateFrameworks/FamilyControls.framework/Versions/A/FamilyControls
0x000000000ab57000 	/System/Library/PrivateFrameworks/CommerceKit.framework/Versions/A/Frameworks/CommerceCore.framework/Versions/A/CommerceCore
0x000000000ab57000 	/System/Library/PrivateFrameworks/SystemAdministration.framework/Versions/A/SystemAdministration
0x000000000ab57000 	/System/Library/PrivateFrameworks/AppContainer.framework/Versions/A/AppContainer
0x000000000ab57000 	/System/Library/PrivateFrameworks/SecCodeWrapper.framework/Versions/A/SecCodeWrapper
0x000000000ab57000 	/System/Library/PrivateFrameworks/DiskManagement.framework/Versions/A/DiskManagement
0x000000000ab57000 	/System/Library/Frameworks/DirectoryService.framework/Versions/A/DirectoryService
0x000000000ab57000 	/System/Library/PrivateFrameworks/DiskImages.framework/Versions/A/DiskImages
0x000000000ab57000 	/System/Library/PrivateFrameworks/LoginUIKit.framework/Versions/A/Frameworks/LoginUICore.framework/Versions/A/LoginUICore
0x000000000ab57000 	/usr/lib/libCoreStorage.dylib
0x000000000ab57000 	/usr/lib/libcsfde.dylib
0x000000000ab57000 	/usr/lib/libodfde.dylib
0x000000000ab57000 	/System/Library/PrivateFrameworks/MediaKit.framework/Versions/A/MediaKit
0x000000000ab57000 	/System/Library/Frameworks/DiscRecording.framework/Versions/A/DiscRecording
0x000000000ab57000 	/System/Library/PrivateFrameworks/EFILogin.framework/Versions/A/EFILogin
0x000000000ab57000 	/System/Library/PrivateFrameworks/ProtectedCloudStorage.framework/Versions/A/ProtectedCloudStorage
0x000000000ab57000 	/usr/lib/libcurl.4.dylib
0x000000000ab57000 	/usr/lib/libssl.35.dylib
0x000000000ab57000 	/System/Library/Frameworks/LDAP.framework/Versions/A/LDAP
0x000000000ab57000 	/usr/lib/libsasl2.2.dylib
0x000000000ab57000 	/System/Library/PrivateFrameworks/CoreDaemon.framework/Versions/B/CoreDaemon
0x000000000ab57000 	/System/Library/PrivateFrameworks/AppleSRP.framework/Versions/A/AppleSRP
0x000000012f861000 	/Library/Java/JavaVirtualMachines/jdk1.8.0_121.jdk/Contents/Home/jre/lib/libjavafx_font.dylib
0x000000000ab57000 	/System/Library/Frameworks/ApplicationServices.framework/Versions/A/Frameworks/ATS.framework/Versions/A/Resources/libTrueTypeScaler.dylib
0x000000000ab57000 	/System/Library/Extensions/AppleIntelHD5000GraphicsMTLDriver.bundle/Contents/MacOS/AppleIntelHD5000GraphicsMTLDriver
0x000000000ab57000 	/System/Library/PrivateFrameworks/GPUCompiler.framework/Versions/3802/Libraries/libmetal_timestamp.dylib
0x0000000138eb6000 	/Library/Java/JavaVirtualMachines/jdk1.8.0_121.jdk/Contents/Home/jre/lib/libprism_common.dylib
0x000000000ab57000 	/System/Library/PrivateFrameworks/ViewBridge.framework/Versions/A/ViewBridge
0x000000013d669000 	/Users/AaronR/Dev/FocusVision/libopencv_java330.dylib
0x000000013d797000 	/usr/local/Cellar/opencv/3.3.0_3/lib/libopencv_objdetect.3.3.dylib
0x000000013d80c000 	/usr/local/Cellar/opencv/3.3.0_3/lib/libopencv_photo.3.3.dylib
0x0000000130441000 	/usr/local/Cellar/opencv/3.3.0_3/lib/libopencv_img_hash.3.3.dylib
0x000000013d8d7000 	/usr/local/Cellar/opencv/3.3.0_3/lib/libopencv_bioinspired.3.3.dylib
0x000000013061b000 	/usr/local/Cellar/opencv/3.3.0_3/lib/libopencv_structured_light.3.3.dylib
0x000000013d91e000 	/usr/local/Cellar/opencv/3.3.0_3/lib/libopencv_tracking.3.3.dylib
0x000000013dc4b000 	/usr/local/Cellar/opencv/3.3.0_3/lib/libopencv_xfeatures2d.3.3.dylib
0x000000013df36000 	/usr/local/Cellar/opencv/3.3.0_3/lib/libopencv_aruco.3.3.dylib
0x0000000130456000 	/usr/local/Cellar/opencv/3.3.0_3/lib/libopencv_phase_unwrapping.3.3.dylib
0x0000000130635000 	/usr/local/Cellar/opencv/3.3.0_3/lib/libopencv_plot.3.3.dylib
0x000000013df93000 	/usr/local/Cellar/opencv/3.3.0_3/lib/libopencv_dnn.3.3.dylib
0x000000013e28d000 	/usr/local/Cellar/opencv/3.3.0_3/lib/libopencv_datasets.3.3.dylib
0x000000013e2e8000 	/usr/local/Cellar/opencv/3.3.0_3/lib/libopencv_text.3.3.dylib
0x000000013e423000 	/usr/local/Cellar/opencv/3.3.0_3/lib/libopencv_ml.3.3.dylib
0x000000013e4d1000 	/usr/local/Cellar/opencv/3.3.0_3/lib/libopencv_shape.3.3.dylib
0x000000013e504000 	/usr/local/Cellar/opencv/3.3.0_3/lib/libopencv_video.3.3.dylib
0x000000013e566000 	/usr/local/Cellar/opencv/3.3.0_3/lib/libopencv_calib3d.3.3.dylib
0x000000013e711000 	/usr/local/Cellar/opencv/3.3.0_3/lib/libopencv_features2d.3.3.dylib
0x000000013e7c3000 	/usr/local/Cellar/opencv/3.3.0_3/lib/libopencv_flann.3.3.dylib
0x000000013063f000 	/usr/local/Cellar/opencv/3.3.0_3/lib/libopencv_highgui.3.3.dylib
0x000000013e823000 	/usr/local/Cellar/opencv/3.3.0_3/lib/libopencv_videoio.3.3.dylib
0x000000013e851000 	/usr/local/Cellar/opencv/3.3.0_3/lib/libopencv_imgcodecs.3.3.dylib
0x000000013e911000 	/usr/local/Cellar/opencv/3.3.0_3/lib/libopencv_imgproc.3.3.dylib
0x000000014271d000 	/usr/local/Cellar/opencv/3.3.0_3/lib/libopencv_core.3.3.dylib
0x000000014386a000 	/usr/local/opt/ffmpeg/lib/libavcodec.57.dylib
0x0000000144b54000 	/usr/local/opt/ffmpeg/lib/libavformat.57.dylib
0x0000000144cff000 	/usr/local/opt/ffmpeg/lib/libavutil.55.dylib
0x0000000144d65000 	/usr/local/opt/ffmpeg/lib/libswscale.4.dylib
0x0000000144de3000 	/usr/local/opt/ffmpeg/lib/libavresample.3.dylib
0x000000000ab57000 	/System/Library/Frameworks/VideoDecodeAcceleration.framework/Versions/A/VideoDecodeAcceleration
0x000000000ab57000 	/System/Library/Frameworks/AVFoundation.framework/Versions/A/AVFoundation
0x0000000144e04000 	/usr/local/opt/libpng/lib/libpng16.16.dylib
0x0000000144e30000 	/usr/local/opt/libtiff/lib/libtiff.5.dylib
0x0000000138267000 	/usr/local/opt/ilmbase/lib/libImath-2_2.12.dylib
0x0000000144e97000 	/usr/local/opt/openexr/lib/libIlmImf-2_2.22.dylib
0x0000000145177000 	/usr/local/opt/ilmbase/lib/libIex-2_2.12.dylib
0x0000000145189000 	/usr/local/opt/ilmbase/lib/libHalf.12.dylib
0x0000000130653000 	/usr/local/opt/ilmbase/lib/libIlmThread-2_2.12.dylib
0x00000001451cd000 	/usr/local/opt/jpeg/lib/libjpeg.9.dylib
0x0000000130460000 	/usr/local/opt/ilmbase/lib/libIexMath-2_2.12.dylib
0x0000000145200000 	/usr/local/Cellar/ffmpeg/3.3.4/lib/libswresample.2.dylib
0x0000000145220000 	/usr/local/opt/x264/lib/libx264.148.dylib
0x000000014538e000 	/usr/local/opt/lame/lib/libmp3lame.0.dylib
0x000000000ab57000 	/System/Library/Frameworks/AVFoundation.framework/Versions/A/Frameworks/AVFAudio.framework/Versions/A/AVFAudio
0x000000000ab57000 	/System/Library/PrivateFrameworks/IntlPreferences.framework/Versions/A/IntlPreferences
0x000000000ab57000 	/System/Library/Frameworks/CoreMediaIO.framework/Versions/A/CoreMediaIO
0x000000000ab57000 	/System/Library/PrivateFrameworks/RemoteServiceDiscovery.framework/Versions/A/RemoteServiceDiscovery
0x000000000ab57000 	/System/Library/PrivateFrameworks/RemoteXPC.framework/Versions/A/RemoteXPC
0x000000000ab57000 	/System/Library/PrivateFrameworks/InternationalSupport.framework/Versions/A/InternationalSupport
0x000000013824b000 	/System/Library/Extensions/AppleHDA.kext/Contents/PlugIns/AppleHDAHALPlugIn.bundle/Contents/MacOS/AppleHDAHALPlugIn
0x00000001453f9000 	/Library/Audio/Plug-Ins/HAL/JackRouter.plugin/Contents/MacOS/JackRouter
0x000000014543c000 	/usr/local/lib/libjack.0.dylib
0x0000000145569000 	/Library/CoreMediaIO/Plug-Ins/DAL/AppleCamera.plugin/Contents/MacOS/AppleCamera
0x0000000145594000 	/System/Library/Frameworks/CoreMediaIO.framework/Resources/VDC.plugin/Contents/MacOS/VDC
0x00000001455c6000 	/System/Library/Frameworks/CoreMediaIO.framework/Resources/CMIOUnits.bundle/Contents/MacOS/CMIOUnits
0x000000000ab57000 	/System/Library/PrivateFrameworks/FWAVC.framework/Versions/A/FWAVC
0x000000000ab57000 	/System/Library/PrivateFrameworks/AppleGVA.framework/Versions/A/AppleGVA
0x0000000145760000 	/Library/Java/JavaVirtualMachines/jdk1.8.0_121.jdk/Contents/Home/jre/lib/libawt.dylib
0x0000000145ed4000 	/Library/Java/JavaVirtualMachines/jdk1.8.0_121.jdk/Contents/Home/jre/lib/./libmlib_image.dylib
0x00000001468f2000 	/Library/Java/JavaVirtualMachines/jdk1.8.0_121.jdk/Contents/Home/jre/lib/libawt_lwawt.dylib
0x0000000145808000 	/Library/Java/JavaVirtualMachines/jdk1.8.0_121.jdk/Contents/Home/jre/lib/./libosxapp.dylib
0x000000000ab57000 	/System/Library/Frameworks/ExceptionHandling.framework/Versions/A/ExceptionHandling

VM Arguments:
jvm_args: -javaagent:/Applications/IntelliJ IDEA.app/Contents/lib/idea_rt.jar=55386:/Applications/IntelliJ IDEA.app/Contents/bin -Dfile.encoding=UTF-8 
java_command: AppEntry
java_class_path (initial): /Library/Java/JavaVirtualMachines/jdk1.8.0_121.jdk/Contents/Home/jre/lib/charsets.jar:/Library/Java/JavaVirtualMachines/jdk1.8.0_121.jdk/Contents/Home/jre/lib/deploy.jar:/Library/Java/JavaVirtualMachines/jdk1.8.0_121.jdk/Contents/Home/jre/lib/ext/cldrdata.jar:/Library/Java/JavaVirtualMachines/jdk1.8.0_121.jdk/Contents/Home/jre/lib/ext/dnsns.jar:/Library/Java/JavaVirtualMachines/jdk1.8.0_121.jdk/Contents/Home/jre/lib/ext/jaccess.jar:/Library/Java/JavaVirtualMachines/jdk1.8.0_121.jdk/Contents/Home/jre/lib/ext/jfxrt.jar:/Library/Java/JavaVirtualMachines/jdk1.8.0_121.jdk/Contents/Home/jre/lib/ext/localedata.jar:/Library/Java/JavaVirtualMachines/jdk1.8.0_121.jdk/Contents/Home/jre/lib/ext/nashorn.jar:/Library/Java/JavaVirtualMachines/jdk1.8.0_121.jdk/Contents/Home/jre/lib/ext/sunec.jar:/Library/Java/JavaVirtualMachines/jdk1.8.0_121.jdk/Contents/Home/jre/lib/ext/sunjce_provider.jar:/Library/Java/JavaVirtualMachines/jdk1.8.0_121.jdk/Contents/Home/jre/lib/ext/sunpkcs11.jar:/Library/Java/JavaVirtualMachines/jdk1.8.0_121.jdk/Contents/Home/jre/lib/ext/zipfs.jar:/Library/Java/JavaVirtualMachines/jdk1.8.0_121.jdk/Contents/Home/jre/lib/javaws.jar:/Library/Java/JavaVirtualMachines/jdk1.8.0_121.jdk/Contents/Home/jre/lib/jce.jar:/Library/Java/JavaVirtualMachines/jdk1.8.0_121.jdk/Contents/Home/jre/lib/jfr.jar:/Library/Java/JavaVirtualMachines/jdk1.8.0_121.jdk/Contents/Home/jre/lib/jfxswt.jar:/Library/Java/JavaVirtualMachines/jdk1.8.0_121.jdk/Contents/Home/jre/lib/jsse.jar:/Library/Java/JavaVirtualMachines/jdk1.8.0_121.jdk/Contents/Home/jre/lib/management-agent.jar:/Library/Java/JavaVirtualMachines/jdk1.8.0_121.jdk/Contents/Home/jre/lib/plugin.jar:/Library/Java/JavaVirtualMachines/jdk1.8.0_121.jdk/Contents/Home/jre/lib/resources.jar:/Library/Java/JavaVirtualMachines/jdk1.8.0_121.jdk/Contents/Home/jre/lib/rt.jar:/Library/Java/JavaVirtualMachines/jdk1.8.0_121.jdk/Contents/Home/lib/ant-javafx.jar:/Library/Java/JavaVirtualMachines/jdk1.8.0_121.jdk/Contents/Home
Launcher Type: SUN_STANDARD

Environment Variables:
PATH=/Users/AaronR/anaconda/bin:/usr/local/bin:/usr/bin:/bin:/usr/sbin:/sbin:/Library/TeX/texbin:/usr/local/go/bin:/Library/Frameworks/Mono.framework/Versions/Current/Commands:/Library/Frameworks/Python.framework/Versions/3.5/bin:/Users/AaronR/.rvm/gems/ruby-2.4.1/bin:/Users/AaronR/.rvm/gems/ruby-2.4.1@global/bin:/Users/AaronR/.rvm/rubies/ruby-2.4.1/bin:/Users/AaronR/.rvm/bin
SHELL=/bin/bash

Signal Handlers:
SIGSEGV: [libjvm.dylib+0x5b1141], sa_mask[0]=11111111011111110111111111111111, sa_flags=SA_ONSTACK|SA_RESTART|SA_SIGINFO
SIGBUS: [libjvm.dylib+0x5b1141], sa_mask[0]=11111111011111110111111111111111, sa_flags=SA_RESTART|SA_SIGINFO
SIGFPE: [libjvm.dylib+0x487bc4], sa_mask[0]=11111111011111110111111111111111, sa_flags=SA_RESTART|SA_SIGINFO
SIGPIPE: [libjvm.dylib+0x487bc4], sa_mask[0]=11111111011111110111111111111111, sa_flags=SA_RESTART|SA_SIGINFO
SIGXFSZ: [libjvm.dylib+0x487bc4], sa_mask[0]=11111111011111110111111111111111, sa_flags=SA_RESTART|SA_SIGINFO
SIGILL: [libjvm.dylib+0x487bc4], sa_mask[0]=11111111011111110111111111111111, sa_flags=SA_RESTART|SA_SIGINFO
SIGUSR1: SIG_DFL, sa_mask[0]=00000000000000000000000000000000, sa_flags=none
SIGUSR2: [libjvm.dylib+0x4876e2], sa_mask[0]=00100000000000000000000000000000, sa_flags=SA_RESTART|SA_SIGINFO
SIGHUP: [libjvm.dylib+0x485cb9], sa_mask[0]=11111111011111110111111111111111, sa_flags=SA_RESTART|SA_SIGINFO
SIGINT: [libjvm.dylib+0x485cb9], sa_mask[0]=11111111011111110111111111111111, sa_flags=SA_RESTART|SA_SIGINFO
SIGTERM: [libjvm.dylib+0x485cb9], sa_mask[0]=11111111011111110111111111111111, sa_flags=SA_RESTART|SA_SIGINFO
SIGQUIT: [libjvm.dylib+0x485cb9], sa_mask[0]=11111111011111110111111111111111, sa_flags=SA_RESTART|SA_SIGINFO


---------------  S Y S T E M  ---------------

OS:Bsduname:Darwin 17.4.0 Darwin Kernel Version 17.4.0: Sun Dec 17 09:19:54 PST 2017; root:xnu-4570.41.2~1/RELEASE_X86_64 x86_64
rlimit: STACK 8192k, CORE 0k, NPROC 1418, NOFILE 10240, AS infinity
load average:3.16 3.54 3.13

CPU:total 8 (4 cores per cpu, 2 threads per core) family 6 model 70 stepping 1, cmov, cx8, fxsr, mmx, sse, sse2, sse3, ssse3, sse4.1, sse4.2, popcnt, avx, avx2, aes, clmul, erms, lzcnt, ht, tsc, tscinvbit, bmi1, bmi2

Memory: 4k page, physical 16777216k(18768k free)

/proc/meminfo:


vm_info: Java HotSpot(TM) 64-Bit Server VM (25.121-b13) for bsd-amd64 JRE (1.8.0_121-b13), built on Dec 12 2016 20:39:32 by "java_re" with gcc 4.2.1 (Based on Apple Inc. build 5658) (LLVM build 2336.11.00)

time: Tue Feb 13 13:21:18 2018
elapsed time: 15 seconds (0d 0h 0m 15s)

